Log file open, 10/03/21 16:03:02
LogWindows: Failed to load 'aqProf.dll' (GetLastError=126)
LogWindows: File 'aqProf.dll' does not exist
LogWindows: Failed to load 'VtuneApi.dll' (GetLastError=126)
LogWindows: File 'VtuneApi.dll' does not exist
LogWindows: Failed to load 'VtuneApi32e.dll' (GetLastError=126)
LogWindows: File 'VtuneApi32e.dll' does not exist
LogConsoleResponse: Display: Failed to find resolution value strings in scalability ini. Falling back to default.
LogConsoleResponse: Display: Failed to find resolution value strings in scalability ini. Falling back to default.
LogInit: Display: Running engine for game: LD_49_ScrapYard
LogPlatformFile: Not using cached read wrapper
LogTaskGraph: Started task graph with 5 named threads and 47 total threads with 3 sets of task threads.
LogStats: Stats thread started at 0.195252
LogICUInternationalization: ICU TimeZone Detection - Raw Offset: +2:00, Platform Override: ''
LogInit: Display: Loading text-based GConfig....
LogPluginManager: Mounting plugin MeshPainting
LogPluginManager: Mounting plugin XGEController
LogPluginManager: Mounting plugin Paper2D
LogPluginManager: Mounting plugin AISupport
LogPluginManager: Mounting plugin EnvironmentQueryEditor
LogPluginManager: Mounting plugin LiveLink
LogPluginManager: Mounting plugin LightPropagationVolume
LogPluginManager: Mounting plugin OodleData
LogPluginManager: Mounting plugin OodleNetwork
LogPluginManager: Mounting plugin CameraShakePreviewer
LogPluginManager: Mounting plugin GameplayCameras
LogPluginManager: Mounting plugin AssetManagerEditor
LogPluginManager: Mounting plugin CurveEditorTools
LogPluginManager: Mounting plugin DataValidation
LogPluginManager: Mounting plugin CryptoKeys
LogPluginManager: Mounting plugin GameplayTagsEditor
LogPluginManager: Mounting plugin GeometryMode
LogPluginManager: Mounting plugin MacGraphicsSwitching
LogPluginManager: Mounting plugin MaterialAnalyzer
LogPluginManager: Mounting plugin FacialAnimation
LogPluginManager: Mounting plugin MobileLauncherProfileWizard
LogPluginManager: Mounting plugin SpeedTreeImporter
LogPluginManager: Mounting plugin PluginBrowser
LogPluginManager: Mounting plugin AlembicImporter
LogPluginManager: Mounting plugin BackChannel
LogPluginManager: Mounting plugin AutomationUtils
LogPluginManager: Mounting plugin ChaosCloth
LogPluginManager: Mounting plugin AnimationSharing
LogPluginManager: Mounting plugin LuminPlatformFeatures
LogPluginManager: Mounting plugin ChaosClothEditor
LogPluginManager: Mounting plugin CLionSourceCodeAccess
LogPluginManager: Mounting plugin ChaosEditor
LogPluginManager: Mounting plugin ChaosNiagara
LogPluginManager: Mounting plugin CodeLiteSourceCodeAccess
LogPluginManager: Mounting plugin TcpMessaging
LogPluginManager: Mounting plugin GitSourceControl
LogPluginManager: Mounting plugin KDevelopSourceCodeAccess
LogPluginManager: Mounting plugin Niagara
LogPluginManager: Mounting plugin MagicLeap
LogPluginManager: Mounting plugin NullSourceCodeAccess
LogPluginManager: Mounting plugin PerforceSourceControl
LogPluginManager: Mounting plugin ActorSequence
LogPluginManager: Mounting plugin PlasticSourceControl
LogPluginManager: Mounting plugin PluginUtils
LogPluginManager: Mounting plugin PropertyAccessNode
LogPluginManager: Mounting plugin PixWinPlugin
LogPluginManager: Mounting plugin UdpMessaging
LogPluginManager: Mounting plugin ChaosSolverPlugin
LogPluginManager: Mounting plugin CharacterAI
LogPluginManager: Mounting plugin RiderSourceCodeAccess
LogPluginManager: Mounting plugin SubversionSourceControl
LogPluginManager: Mounting plugin DatasmithContent
LogPluginManager: Mounting plugin TextureFormatOodle
LogPluginManager: Mounting plugin MagicLeapLightEstimation
LogPluginManager: Mounting plugin EnhancedInput
LogPluginManager: Mounting plugin LevelSequenceEditor
LogPluginManager: Mounting plugin MagicLeapMedia
LogPluginManager: Mounting plugin MagicLeapPassableWorld
LogPluginManager: Mounting plugin GeometryCache
LogPluginManager: Mounting plugin MLSDK
LogPluginManager: Mounting plugin UObjectPlugin
LogPluginManager: Mounting plugin VariantManagerContent
LogPluginManager: Mounting plugin GeometryCollectionPlugin
LogPluginManager: Mounting plugin VisualStudioCodeSourceCodeAccess
LogPluginManager: Mounting plugin VisualStudioSourceCodeAccess
LogPluginManager: Mounting plugin XCodeSourceCodeAccess
LogPluginManager: Mounting plugin OnlineSubsystem
LogPluginManager: Mounting plugin MatineeToLevelSequence
LogPluginManager: Mounting plugin TemplateSequence
LogPluginManager: Mounting plugin OnlineSubsystemNull
LogPluginManager: Mounting plugin OnlineSubsystemUtils
LogPluginManager: Mounting plugin AndroidMedia
LogPluginManager: Mounting plugin GeometryProcessing
LogPluginManager: Mounting plugin AvfMedia
LogPluginManager: Mounting plugin MotoSynth
LogPluginManager: Mounting plugin OpenImageDenoise
LogPluginManager: Mounting plugin PlatformCrypto
LogPluginManager: Mounting plugin ProxyLODPlugin
LogPluginManager: Mounting plugin PlanarCut
LogPluginManager: Mounting plugin PythonScriptPlugin
LogPluginManager: Mounting plugin SkeletalReduction
LogPluginManager: Mounting plugin ImgMedia
LogPluginManager: Mounting plugin MediaCompositing
LogPluginManager: Mounting plugin MediaPlayerEditor
LogPluginManager: Mounting plugin WebMMedia
LogPluginManager: Mounting plugin WmfMedia
LogPluginManager: Mounting plugin ActorLayerUtilities
LogPluginManager: Mounting plugin AndroidPermission
LogPluginManager: Mounting plugin AndroidDeviceProfileSelector
LogPluginManager: Mounting plugin AndroidMoviePlayer
LogPluginManager: Mounting plugin AppleImageUtils
LogPluginManager: Mounting plugin AppleMoviePlayer
LogPluginManager: Mounting plugin ArchVisCharacter
LogPluginManager: Mounting plugin AssetTags
LogPluginManager: Mounting plugin AudioCapture
LogPluginManager: Mounting plugin AudioSynesthesia
LogPluginManager: Mounting plugin CableComponent
LogPluginManager: Mounting plugin LauncherChunkInstaller
LogPluginManager: Mounting plugin ChunkDownloader
LogPluginManager: Mounting plugin CustomMeshComponent
LogPluginManager: Mounting plugin EditableMesh
LogPluginManager: Mounting plugin ExampleDeviceProfileSelector
LogPluginManager: Mounting plugin GoogleCloudMessaging
LogPluginManager: Mounting plugin GooglePAD
LogPluginManager: Mounting plugin ScreenshotTools
LogPluginManager: Mounting plugin IOSDeviceProfileSelector
LogPluginManager: Mounting plugin LinuxDeviceProfileSelector
LogPluginManager: Mounting plugin LocationServicesBPLibrary
LogPluginManager: Mounting plugin MobilePatchingUtils
LogPluginManager: Mounting plugin OpenXREyeTracker
LogPluginManager: Mounting plugin OpenXR
LogPluginManager: Mounting plugin PhysXVehicles
LogPluginManager: Mounting plugin OpenXRHandTracking
LogPluginManager: Mounting plugin PostSplashScreen
LogPluginManager: Mounting plugin ProceduralMeshComponent
LogPluginManager: Mounting plugin PropertyAccessEditor
LogPluginManager: Mounting plugin SignificanceManager
LogPluginManager: Mounting plugin RuntimePhysXCooking
LogPluginManager: Mounting plugin SoundFields
LogPluginManager: Mounting plugin Takes
LogPluginManager: Mounting plugin Synthesis
LogPluginManager: Mounting plugin WebMMoviePlayer
LogPluginManager: Mounting plugin WindowsMoviePlayer
LogPluginManager: Mounting plugin ContentBrowserAssetDataSource
LogPluginManager: Mounting plugin ContentBrowserClassDataSource
LogPluginManager: Mounting plugin ContentBrowserFileDataSource
LogPluginManager: Mounting plugin OnlineSubsystemGooglePlay
LogPluginManager: Mounting plugin OnlineSubsystemIOS
LogPluginManager: Mounting plugin OculusVR
LogPluginManager: Mounting plugin SteamVR
PixWinPlugin: PIX capture plugin failed to initialize! Check that the process is launched from PIX.
LogInit: Using libcurl 7.55.1-DEV
LogInit:  - built for x86_64-pc-win32
LogInit:  - supports SSL with OpenSSL/1.1.1
LogInit:  - supports HTTP deflate (compression) using libz 1.2.8
LogInit:  - other features:
LogInit:      CURL_VERSION_SSL
LogInit:      CURL_VERSION_LIBZ
LogInit:      CURL_VERSION_IPV6
LogInit:      CURL_VERSION_ASYNCHDNS
LogInit:      CURL_VERSION_LARGEFILE
LogInit:      CURL_VERSION_IDN
LogInit:  CurlRequestOptions (configurable via config and command line):
LogInit:  - bVerifyPeer = true  - Libcurl will verify peer certificate
LogInit:  - bUseHttpProxy = false  - Libcurl will NOT use HTTP proxy
LogInit:  - bDontReuseConnections = false  - Libcurl will reuse connections
LogInit:  - MaxHostConnections = 16  - Libcurl will limit the number of connections to a host
LogInit:  - LocalHostAddr = Default
LogInit:  - BufferSize = 65536
LogOnline: OSS: Creating online subsystem instance for: NULL
LogInit: WinSock: version 1.1 (2.2), MaxSocks=32767, MaxUdp=65467
LogOnline: OSS: TryLoadSubsystemAndSetDefault: Loaded subsystem for module [NULL]
LogOculusPluginWrapper: OculusPlugin initialized successfully
LogHMD: Failed initializing OVRPlugin 1.59.0
LogInit: Build: ++UE4+Release-4.27-CL-17155196
LogInit: Engine Version: 4.27.0-17155196+++UE4+Release-4.27
LogInit: Compatible Engine Version: 4.27.0-17155196+++UE4+Release-4.27
LogInit: Net CL: 17155196
LogInit: OS: Windows 10 (Release 2009) (), CPU: 11th Gen Intel(R) Core(TM) i9-11980HK @ 2.60GHz, GPU: Intel(R) UHD Graphics
LogInit: Compiled (64-bit): Aug 13 2021 06:13:13
LogInit: Compiled with Visual C++: 19.24.28315.00
LogInit: Build Configuration: Development
LogInit: Branch Name: ++UE4+Release-4.27
LogInit: Command Line:  -EpicPortal -epicusername=Dani_Kogan -epicuserid=652c700304644fe9ae254b98d5b01055 -epiclocale=en -epicsandboxid=ue
LogInit: Base Directory: D:/Epic Games/UE_4.27/Engine/Binaries/Win64/
LogInit: Allocator: TBB
LogInit: Installed Engine Build: 1
LogDevObjectVersion: Number of dev versions registered: 29
LogDevObjectVersion:   Dev-Blueprints (B0D832E4-1F89-4F0D-ACCF-7EB736FD4AA2): 10
LogDevObjectVersion:   Dev-Build (E1C64328-A22C-4D53-A36C-8E866417BD8C): 0
LogDevObjectVersion:   Dev-Core (375EC13C-06E4-48FB-B500-84F0262A717E): 4
LogDevObjectVersion:   Dev-Editor (E4B068ED-F494-42E9-A231-DA0B2E46BB41): 40
LogDevObjectVersion:   Dev-Framework (CFFC743F-43B0-4480-9391-14DF171D2073): 37
LogDevObjectVersion:   Dev-Mobile (B02B49B5-BB20-44E9-A304-32B752E40360): 3
LogDevObjectVersion:   Dev-Networking (A4E4105C-59A1-49B5-A7C5-40C4547EDFEE): 0
LogDevObjectVersion:   Dev-Online (39C831C9-5AE6-47DC-9A44-9C173E1C8E7C): 0
LogDevObjectVersion:   Dev-Physics (78F01B33-EBEA-4F98-B9B4-84EACCB95AA2): 14
LogDevObjectVersion:   Dev-Platform (6631380F-2D4D-43E0-8009-CF276956A95A): 0
LogDevObjectVersion:   Dev-Rendering (12F88B9F-8875-4AFC-A67C-D90C383ABD29): 45
LogDevObjectVersion:   Dev-Sequencer (7B5AE74C-D270-4C10-A958-57980B212A5A): 13
LogDevObjectVersion:   Dev-VR (D7296918-1DD6-4BDD-9DE2-64A83CC13884): 3
LogDevObjectVersion:   Dev-LoadTimes (C2A15278-BFE7-4AFE-6C17-90FF531DF755): 1
LogDevObjectVersion:   Private-Geometry (6EACA3D4-40EC-4CC1-B786-8BED09428FC5): 3
LogDevObjectVersion:   Dev-AnimPhys (29E575DD-E0A3-4627-9D10-D276232CDCEA): 17
LogDevObjectVersion:   Dev-Anim (AF43A65D-7FD3-4947-9873-3E8ED9C1BB05): 15
LogDevObjectVersion:   Dev-ReflectionCapture (6B266CEC-1EC7-4B8F-A30B-E4D90942FC07): 1
LogDevObjectVersion:   Dev-Automation (0DF73D61-A23F-47EA-B727-89E90C41499A): 1
LogDevObjectVersion:   FortniteMain (601D1886-AC64-4F84-AA16-D3DE0DEAC7D6): 47
LogDevObjectVersion:   FortniteRelease (E7086368-6B23-4C58-8439-1B7016265E91): 1
LogDevObjectVersion:   Dev-Enterprise (9DFFBCD6-494F-0158-E221-12823C92A888): 10
LogDevObjectVersion:   Dev-Niagara (F2AED0AC-9AFE-416F-8664-AA7FFA26D6FC): 1
LogDevObjectVersion:   Dev-Destruction (174F1F0B-B4C6-45A5-B13F-2EE8D0FB917D): 10
LogDevObjectVersion:   Dev-Physics-Ext (35F94A83-E258-406C-A318-09F59610247C): 41
LogDevObjectVersion:   Dev-PhysicsMaterial-Chaos (B68FC16E-8B1B-42E2-B453-215C058844FE): 1
LogDevObjectVersion:   Dev-CineCamera (B2E18506-4273-CFC2-A54E-F4BB758BBA07): 1
LogDevObjectVersion:   Dev-VirtualProduction (64F58936-FD1B-42BA-BA96-7289D5D0FA4E): 1
LogDevObjectVersion:   Dev-MediaFramework (6F0ED827-A609-4895-9C91-998D90180EA4): 2
LogInit: Presizing for max 25165824 objects, including 0 objects not considered by GC, pre-allocating 0 bytes for permanent pool.
LogConfig: Applying CVar settings from Section [/Script/Engine.StreamingSettings] File [D:/Projects/GamJams/2021LudumDare49/LudumDare49/LudumDare49_ScrapYard/LD_49_ScrapYard/Saved/Config/Windows/Engine.ini]
LogConfig: Setting CVar [[s.MinBulkDataSizeForAsyncLoading:131072]]
LogConfig: Setting CVar [[s.AsyncLoadingThreadEnabled:0]]
LogConfig: Setting CVar [[s.EventDrivenLoaderEnabled:1]]
LogConfig: Setting CVar [[s.WarnIfTimeLimitExceeded:0]]
LogConfig: Setting CVar [[s.TimeLimitExceededMultiplier:1.5]]
LogConfig: Setting CVar [[s.TimeLimitExceededMinTime:0.005]]
LogConfig: Setting CVar [[s.UseBackgroundLevelStreaming:1]]
LogConfig: Setting CVar [[s.PriorityAsyncLoadingExtraTime:15.0]]
LogConfig: Setting CVar [[s.LevelStreamingActorsUpdateTimeLimit:5.0]]
LogConfig: Setting CVar [[s.PriorityLevelStreamingActorsUpdateExtraTime:5.0]]
LogConfig: Setting CVar [[s.LevelStreamingComponentsRegistrationGranularity:10]]
LogConfig: Setting CVar [[s.UnregisterComponentsTimeLimit:1.0]]
LogConfig: Setting CVar [[s.LevelStreamingComponentsUnregistrationGranularity:5]]
LogConfig: Setting CVar [[s.FlushStreamingOnExit:1]]
LogInit: Object subsystem initialized
LogConfig: Setting CVar [[con.DebugEarlyDefault:1]]
LogConfig: Setting CVar [[r.setres:1280x720]]
[2021.10.03-13.03.02:529][  0]LogConfig: Setting CVar [[r.VSync:0]]
[2021.10.03-13.03.02:529][  0]LogConfig: Setting CVar [[r.RHICmdBypass:0]]
[2021.10.03-13.03.02:529][  0]LogConfig: Applying CVar settings from Section [/Script/Engine.RendererSettings] File [D:/Projects/GamJams/2021LudumDare49/LudumDare49/LudumDare49_ScrapYard/LD_49_ScrapYard/Saved/Config/Windows/Engine.ini]
[2021.10.03-13.03.02:529][  0]LogConfig: Setting CVar [[r.GPUCrashDebugging:0]]
[2021.10.03-13.03.02:529][  0]LogConfig: Applying CVar settings from Section [/Script/Engine.RendererOverrideSettings] File [D:/Projects/GamJams/2021LudumDare49/LudumDare49/LudumDare49_ScrapYard/LD_49_ScrapYard/Saved/Config/Windows/Engine.ini]
[2021.10.03-13.03.02:529][  0]LogConfig: Applying CVar settings from Section [/Script/Engine.StreamingSettings] File [D:/Projects/GamJams/2021LudumDare49/LudumDare49/LudumDare49_ScrapYard/LD_49_ScrapYard/Saved/Config/Windows/Engine.ini]
[2021.10.03-13.03.02:529][  0]LogConfig: Setting CVar [[s.MinBulkDataSizeForAsyncLoading:131072]]
[2021.10.03-13.03.02:529][  0]LogConfig: Setting CVar [[s.AsyncLoadingThreadEnabled:0]]
[2021.10.03-13.03.02:529][  0]LogConfig: Setting CVar [[s.EventDrivenLoaderEnabled:1]]
[2021.10.03-13.03.02:529][  0]LogConfig: Setting CVar [[s.WarnIfTimeLimitExceeded:0]]
[2021.10.03-13.03.02:529][  0]LogConfig: Setting CVar [[s.TimeLimitExceededMultiplier:1.5]]
[2021.10.03-13.03.02:529][  0]LogConfig: Setting CVar [[s.TimeLimitExceededMinTime:0.005]]
[2021.10.03-13.03.02:529][  0]LogConfig: Setting CVar [[s.UseBackgroundLevelStreaming:1]]
[2021.10.03-13.03.02:529][  0]LogConfig: Setting CVar [[s.PriorityAsyncLoadingExtraTime:15.0]]
[2021.10.03-13.03.02:529][  0]LogConfig: Setting CVar [[s.LevelStreamingActorsUpdateTimeLimit:5.0]]
[2021.10.03-13.03.02:529][  0]LogConfig: Setting CVar [[s.PriorityLevelStreamingActorsUpdateExtraTime:5.0]]
[2021.10.03-13.03.02:529][  0]LogConfig: Setting CVar [[s.LevelStreamingComponentsRegistrationGranularity:10]]
[2021.10.03-13.03.02:529][  0]LogConfig: Setting CVar [[s.UnregisterComponentsTimeLimit:1.0]]
[2021.10.03-13.03.02:529][  0]LogConfig: Setting CVar [[s.LevelStreamingComponentsUnregistrationGranularity:5]]
[2021.10.03-13.03.02:529][  0]LogConfig: Setting CVar [[s.FlushStreamingOnExit:1]]
[2021.10.03-13.03.02:529][  0]LogConfig: Applying CVar settings from Section [/Script/Engine.GarbageCollectionSettings] File [D:/Projects/GamJams/2021LudumDare49/LudumDare49/LudumDare49_ScrapYard/LD_49_ScrapYard/Saved/Config/Windows/Engine.ini]
[2021.10.03-13.03.02:529][  0]LogConfig: Setting CVar [[gc.MaxObjectsNotConsideredByGC:1]]
[2021.10.03-13.03.02:529][  0]LogConfig: Setting CVar [[gc.SizeOfPermanentObjectPool:0]]
[2021.10.03-13.03.02:529][  0]LogConfig: Setting CVar [[gc.FlushStreamingOnGC:0]]
[2021.10.03-13.03.02:529][  0]LogConfig: Setting CVar [[gc.NumRetriesBeforeForcingGC:10]]
[2021.10.03-13.03.02:529][  0]LogConfig: Setting CVar [[gc.AllowParallelGC:1]]
[2021.10.03-13.03.02:529][  0]LogConfig: Setting CVar [[gc.TimeBetweenPurgingPendingKillObjects:61.1]]
[2021.10.03-13.03.02:529][  0]LogConfig: Setting CVar [[gc.MaxObjectsInEditor:25165824]]
[2021.10.03-13.03.02:529][  0]LogConfig: Setting CVar [[gc.IncrementalBeginDestroyEnabled:1]]
[2021.10.03-13.03.02:529][  0]LogConfig: Setting CVar [[gc.CreateGCClusters:1]]
[2021.10.03-13.03.02:529][  0]LogConfig: Setting CVar [[gc.MinGCClusterSize:5]]
[2021.10.03-13.03.02:529][  0]LogConfig: Setting CVar [[gc.ActorClusteringEnabled:0]]
[2021.10.03-13.03.02:529][  0]LogConfig: Setting CVar [[gc.BlueprintClusteringEnabled:0]]
[2021.10.03-13.03.02:529][  0]LogConfig: Setting CVar [[gc.UseDisregardForGCOnDedicatedServers:0]]
[2021.10.03-13.03.02:529][  0]LogConfig: Setting CVar [[gc.MultithreadedDestructionEnabled:1]]
[2021.10.03-13.03.02:529][  0]LogConfig: Applying CVar settings from Section [/Script/Engine.NetworkSettings] File [D:/Projects/GamJams/2021LudumDare49/LudumDare49/LudumDare49_ScrapYard/LD_49_ScrapYard/Saved/Config/Windows/Engine.ini]
[2021.10.03-13.03.02:529][  0]LogConfig: Applying CVar settings from Section [/Script/UnrealEd.CookerSettings] File [D:/Projects/GamJams/2021LudumDare49/LudumDare49/LudumDare49_ScrapYard/LD_49_ScrapYard/Saved/Config/Windows/Engine.ini]
[2021.10.03-13.03.02:538][  0]LogConfig: Applying CVar settings from Section [ViewDistanceQuality@3] File [D:/Projects/GamJams/2021LudumDare49/LudumDare49/LudumDare49_ScrapYard/LD_49_ScrapYard/Saved/Config/Windows/Scalability.ini]
[2021.10.03-13.03.02:538][  0]LogConfig: Setting CVar [[r.SkeletalMeshLODBias:0]]
[2021.10.03-13.03.02:538][  0]LogConfig: Setting CVar [[r.ViewDistanceScale:1.0]]
[2021.10.03-13.03.02:538][  0]LogConfig: Applying CVar settings from Section [AntiAliasingQuality@3] File [D:/Projects/GamJams/2021LudumDare49/LudumDare49/LudumDare49_ScrapYard/LD_49_ScrapYard/Saved/Config/Windows/Scalability.ini]
[2021.10.03-13.03.02:538][  0]LogConfig: Setting CVar [[r.PostProcessAAQuality:4]]
[2021.10.03-13.03.02:538][  0]LogConfig: Applying CVar settings from Section [ShadowQuality@3] File [D:/Projects/GamJams/2021LudumDare49/LudumDare49/LudumDare49_ScrapYard/LD_49_ScrapYard/Saved/Config/Windows/Scalability.ini]
[2021.10.03-13.03.02:538][  0]LogConfig: Setting CVar [[r.LightFunctionQuality:1]]
[2021.10.03-13.03.02:538][  0]LogConfig: Setting CVar [[r.ShadowQuality:5]]
[2021.10.03-13.03.02:538][  0]LogConfig: Setting CVar [[r.Shadow.CSM.MaxCascades:10]]
[2021.10.03-13.03.02:538][  0]LogConfig: Setting CVar [[r.Shadow.MaxResolution:2048]]
[2021.10.03-13.03.02:538][  0]LogConfig: Setting CVar [[r.Shadow.MaxCSMResolution:2048]]
[2021.10.03-13.03.02:538][  0]LogConfig: Setting CVar [[r.Shadow.RadiusThreshold:0.01]]
[2021.10.03-13.03.02:538][  0]LogConfig: Setting CVar [[r.Shadow.DistanceScale:1.0]]
[2021.10.03-13.03.02:538][  0]LogConfig: Setting CVar [[r.Shadow.CSM.TransitionScale:1.0]]
[2021.10.03-13.03.02:538][  0]LogConfig: Setting CVar [[r.Shadow.PreShadowResolutionFactor:1.0]]
[2021.10.03-13.03.02:539][  0]LogConfig: Setting CVar [[r.DistanceFieldShadowing:1]]
[2021.10.03-13.03.02:539][  0]LogConfig: Setting CVar [[r.DistanceFieldAO:1]]
[2021.10.03-13.03.02:539][  0]LogConfig: Setting CVar [[r.AOQuality:2]]
[2021.10.03-13.03.02:539][  0]LogConfig: Setting CVar [[r.VolumetricFog:1]]
[2021.10.03-13.03.02:539][  0]LogConfig: Setting CVar [[r.VolumetricFog.GridPixelSize:8]]
[2021.10.03-13.03.02:539][  0]LogConfig: Setting CVar [[r.VolumetricFog.GridSizeZ:128]]
[2021.10.03-13.03.02:539][  0]LogConfig: Setting CVar [[r.VolumetricFog.HistoryMissSupersampleCount:4]]
[2021.10.03-13.03.02:539][  0]LogConfig: Setting CVar [[r.LightMaxDrawDistanceScale:1]]
[2021.10.03-13.03.02:539][  0]LogConfig: Setting CVar [[r.CapsuleShadows:1]]
[2021.10.03-13.03.02:539][  0]LogConfig: Applying CVar settings from Section [PostProcessQuality@3] File [D:/Projects/GamJams/2021LudumDare49/LudumDare49/LudumDare49_ScrapYard/LD_49_ScrapYard/Saved/Config/Windows/Scalability.ini]
[2021.10.03-13.03.02:539][  0]LogConfig: Setting CVar [[r.MotionBlurQuality:4]]
[2021.10.03-13.03.02:539][  0]LogConfig: Setting CVar [[r.AmbientOcclusionMipLevelFactor:0.4]]
[2021.10.03-13.03.02:539][  0]LogConfig: Setting CVar [[r.AmbientOcclusionMaxQuality:100]]
[2021.10.03-13.03.02:539][  0]LogConfig: Setting CVar [[r.AmbientOcclusionLevels:-1]]
[2021.10.03-13.03.02:539][  0]LogConfig: Setting CVar [[r.AmbientOcclusionRadiusScale:1.0]]
[2021.10.03-13.03.02:539][  0]LogConfig: Setting CVar [[r.DepthOfFieldQuality:2]]
[2021.10.03-13.03.02:539][  0]LogConfig: Setting CVar [[r.RenderTargetPoolMin:400]]
[2021.10.03-13.03.02:539][  0]LogConfig: Setting CVar [[r.LensFlareQuality:2]]
[2021.10.03-13.03.02:539][  0]LogConfig: Setting CVar [[r.SceneColorFringeQuality:1]]
[2021.10.03-13.03.02:539][  0]LogConfig: Setting CVar [[r.EyeAdaptationQuality:2]]
[2021.10.03-13.03.02:539][  0]LogConfig: Setting CVar [[r.BloomQuality:5]]
[2021.10.03-13.03.02:539][  0]LogConfig: Setting CVar [[r.FastBlurThreshold:100]]
[2021.10.03-13.03.02:539][  0]LogConfig: Setting CVar [[r.Upscale.Quality:3]]
[2021.10.03-13.03.02:539][  0]LogConfig: Setting CVar [[r.Tonemapper.GrainQuantization:1]]
[2021.10.03-13.03.02:539][  0]LogConfig: Setting CVar [[r.LightShaftQuality:1]]
[2021.10.03-13.03.02:539][  0]LogConfig: Setting CVar [[r.Filter.SizeScale:1]]
[2021.10.03-13.03.02:539][  0]LogConfig: Setting CVar [[r.Tonemapper.Quality:5]]
[2021.10.03-13.03.02:539][  0]LogConfig: Setting CVar [[r.DOF.Gather.AccumulatorQuality:1        ; higher gathering accumulator quality]]
[2021.10.03-13.03.02:539][  0]LogConfig: Setting CVar [[r.DOF.Gather.PostfilterMethod:1          ; Median3x3 postfilering method]]
[2021.10.03-13.03.02:539][  0]LogConfig: Setting CVar [[r.DOF.Gather.EnableBokehSettings:0       ; no bokeh simulation when gathering]]
[2021.10.03-13.03.02:539][  0]LogConfig: Setting CVar [[r.DOF.Gather.RingCount:4                 ; medium number of samples when gathering]]
[2021.10.03-13.03.02:539][  0]LogConfig: Setting CVar [[r.DOF.Scatter.ForegroundCompositing:1    ; additive foreground scattering]]
[2021.10.03-13.03.02:539][  0]LogConfig: Setting CVar [[r.DOF.Scatter.BackgroundCompositing:2    ; additive background scattering]]
[2021.10.03-13.03.02:539][  0]LogConfig: Setting CVar [[r.DOF.Scatter.EnableBokehSettings:1      ; bokeh simulation when scattering]]
[2021.10.03-13.03.02:539][  0]LogConfig: Setting CVar [[r.DOF.Scatter.MaxSpriteRatio:0.1         ; only a maximum of 10% of scattered bokeh]]
[2021.10.03-13.03.02:539][  0]LogConfig: Setting CVar [[r.DOF.Recombine.Quality:1                ; cheap slight out of focus]]
[2021.10.03-13.03.02:539][  0]LogConfig: Setting CVar [[r.DOF.Recombine.EnableBokehSettings:0    ; no bokeh simulation on slight out of focus]]
[2021.10.03-13.03.02:539][  0]LogConfig: Setting CVar [[r.DOF.TemporalAAQuality:1                ; more stable temporal accumulation]]
[2021.10.03-13.03.02:539][  0]LogConfig: Setting CVar [[r.DOF.Kernel.MaxForegroundRadius:0.025]]
[2021.10.03-13.03.02:539][  0]LogConfig: Setting CVar [[r.DOF.Kernel.MaxBackgroundRadius:0.025]]
[2021.10.03-13.03.02:539][  0]LogConfig: Applying CVar settings from Section [TextureQuality@3] File [D:/Projects/GamJams/2021LudumDare49/LudumDare49/LudumDare49_ScrapYard/LD_49_ScrapYard/Saved/Config/Windows/Scalability.ini]
[2021.10.03-13.03.02:539][  0]LogConfig: Setting CVar [[r.Streaming.MipBias:0]]
[2021.10.03-13.03.02:539][  0]LogConfig: Setting CVar [[r.Streaming.AmortizeCPUToGPUCopy:0]]
[2021.10.03-13.03.02:539][  0]LogConfig: Setting CVar [[r.Streaming.MaxNumTexturesToStreamPerFrame:0]]
[2021.10.03-13.03.02:539][  0]LogConfig: Setting CVar [[r.Streaming.Boost:1]]
[2021.10.03-13.03.02:539][  0]LogConfig: Setting CVar [[r.MaxAnisotropy:8]]
[2021.10.03-13.03.02:539][  0]LogConfig: Setting CVar [[r.VT.MaxAnisotropy:8]]
[2021.10.03-13.03.02:539][  0]LogConfig: Setting CVar [[r.Streaming.LimitPoolSizeToVRAM:0]]
[2021.10.03-13.03.02:539][  0]LogConfig: Setting CVar [[r.Streaming.PoolSize:1000]]
[2021.10.03-13.03.02:539][  0]LogConfig: Setting CVar [[r.Streaming.MaxEffectiveScreenSize:0]]
[2021.10.03-13.03.02:539][  0]LogConfig: Applying CVar settings from Section [EffectsQuality@3] File [D:/Projects/GamJams/2021LudumDare49/LudumDare49/LudumDare49_ScrapYard/LD_49_ScrapYard/Saved/Config/Windows/Scalability.ini]
[2021.10.03-13.03.02:539][  0]LogConfig: Setting CVar [[r.TranslucencyLightingVolumeDim:64]]
[2021.10.03-13.03.02:539][  0]LogConfig: Setting CVar [[r.RefractionQuality:2]]
[2021.10.03-13.03.02:539][  0]LogConfig: Setting CVar [[r.SSR.Quality:3]]
[2021.10.03-13.03.02:539][  0]LogConfig: Setting CVar [[r.SSR.HalfResSceneColor:0]]
[2021.10.03-13.03.02:539][  0]LogConfig: Setting CVar [[r.SceneColorFormat:4]]
[2021.10.03-13.03.02:539][  0]LogConfig: Setting CVar [[r.DetailMode:2]]
[2021.10.03-13.03.02:539][  0]LogConfig: Setting CVar [[r.TranslucencyVolumeBlur:1]]
[2021.10.03-13.03.02:539][  0]LogConfig: Setting CVar [[r.MaterialQualityLevel:1 ; High quality]]
[2021.10.03-13.03.02:539][  0]LogConfig: Setting CVar [[r.AnisotropicMaterials:1]]
[2021.10.03-13.03.02:539][  0]LogConfig: Setting CVar [[r.SSS.Scale:1]]
[2021.10.03-13.03.02:539][  0]LogConfig: Setting CVar [[r.SSS.SampleSet:2]]
[2021.10.03-13.03.02:539][  0]LogConfig: Setting CVar [[r.SSS.Quality:1]]
[2021.10.03-13.03.02:539][  0]LogConfig: Setting CVar [[r.SSS.HalfRes:0]]
[2021.10.03-13.03.02:539][  0]LogConfig: Setting CVar [[r.SSGI.Quality:3]]
[2021.10.03-13.03.02:539][  0]LogConfig: Setting CVar [[r.EmitterSpawnRateScale:1.0]]
[2021.10.03-13.03.02:539][  0]LogConfig: Setting CVar [[r.ParticleLightQuality:2]]
[2021.10.03-13.03.02:539][  0]LogConfig: Setting CVar [[r.SkyAtmosphere.AerialPerspectiveLUT.FastApplyOnOpaque:1 ; Always have FastSkyLUT 1 in this case to avoid wrong sky]]
[2021.10.03-13.03.02:539][  0]LogConfig: Setting CVar [[r.SkyAtmosphere.AerialPerspectiveLUT.SampleCountMaxPerSlice:4]]
[2021.10.03-13.03.02:539][  0]LogConfig: Setting CVar [[r.SkyAtmosphere.AerialPerspectiveLUT.DepthResolution:16.0]]
[2021.10.03-13.03.02:539][  0]LogConfig: Setting CVar [[r.SkyAtmosphere.FastSkyLUT:1]]
[2021.10.03-13.03.02:539][  0]LogConfig: Setting CVar [[r.SkyAtmosphere.FastSkyLUT.SampleCountMin:4.0]]
[2021.10.03-13.03.02:539][  0]LogConfig: Setting CVar [[r.SkyAtmosphere.FastSkyLUT.SampleCountMax:128.0]]
[2021.10.03-13.03.02:539][  0]LogConfig: Setting CVar [[r.SkyAtmosphere.SampleCountMin:4.0]]
[2021.10.03-13.03.02:539][  0]LogConfig: Setting CVar [[r.SkyAtmosphere.SampleCountMax:128.0]]
[2021.10.03-13.03.02:539][  0]LogConfig: Setting CVar [[r.SkyAtmosphere.TransmittanceLUT.UseSmallFormat:0]]
[2021.10.03-13.03.02:539][  0]LogConfig: Setting CVar [[r.SkyAtmosphere.TransmittanceLUT.SampleCount:10.0]]
[2021.10.03-13.03.02:539][  0]LogConfig: Setting CVar [[r.SkyAtmosphere.MultiScatteringLUT.SampleCount:15.0]]
[2021.10.03-13.03.02:539][  0]LogConfig: Setting CVar [[r.SkyLight.RealTimeReflectionCapture:1]]
[2021.10.03-13.03.02:539][  0]LogConfig: Applying CVar settings from Section [FoliageQuality@3] File [D:/Projects/GamJams/2021LudumDare49/LudumDare49/LudumDare49_ScrapYard/LD_49_ScrapYard/Saved/Config/Windows/Scalability.ini]
[2021.10.03-13.03.02:539][  0]LogConfig: Setting CVar [[foliage.DensityScale:1.0]]
[2021.10.03-13.03.02:539][  0]LogConfig: Setting CVar [[grass.DensityScale:1.0]]
[2021.10.03-13.03.02:539][  0]LogConfig: Applying CVar settings from Section [ShadingQuality@3] File [D:/Projects/GamJams/2021LudumDare49/LudumDare49/LudumDare49_ScrapYard/LD_49_ScrapYard/Saved/Config/Windows/Scalability.ini]
[2021.10.03-13.03.02:539][  0]LogConfig: Setting CVar [[r.HairStrands.SkyLighting.IntegrationType:2]]
[2021.10.03-13.03.02:539][  0]LogConfig: Setting CVar [[r.HairStrands.SkyAO.SampleCount:4]]
[2021.10.03-13.03.02:539][  0]LogConfig: Setting CVar [[r.HairStrands.Visibility.MSAA.SamplePerPixel:4]]
[2021.10.03-13.03.02:539][  0]LogInit: Selected Device Profile: [Windows]
[2021.10.03-13.03.02:539][  0]LogInit: Applying CVar settings loaded from the selected device profile: [Windows]
[2021.10.03-13.03.02:539][  0]LogHAL: Display: Platform has ~ 32 GB [34046787584 / 34359738368 / 32], which maps to Largest [LargestMinGB=32, LargerMinGB=12, DefaultMinGB=8, SmallerMinGB=6, SmallestMinGB=0)
[2021.10.03-13.03.02:539][  0]LogInit: Going up to parent DeviceProfile []
[2021.10.03-13.03.02:539][  0]LogConfig: Applying CVar settings from Section [ViewDistanceQuality@3] File [D:/Projects/GamJams/2021LudumDare49/LudumDare49/LudumDare49_ScrapYard/LD_49_ScrapYard/Saved/Config/Windows/Scalability.ini]
[2021.10.03-13.03.02:539][  0]LogConfig: Setting CVar [[r.SkeletalMeshLODBias:0]]
[2021.10.03-13.03.02:539][  0]LogConfig: Setting CVar [[r.ViewDistanceScale:1.0]]
[2021.10.03-13.03.02:539][  0]LogConfig: Applying CVar settings from Section [AntiAliasingQuality@3] File [D:/Projects/GamJams/2021LudumDare49/LudumDare49/LudumDare49_ScrapYard/LD_49_ScrapYard/Saved/Config/Windows/Scalability.ini]
[2021.10.03-13.03.02:539][  0]LogConfig: Setting CVar [[r.PostProcessAAQuality:4]]
[2021.10.03-13.03.02:539][  0]LogConfig: Applying CVar settings from Section [ShadowQuality@3] File [D:/Projects/GamJams/2021LudumDare49/LudumDare49/LudumDare49_ScrapYard/LD_49_ScrapYard/Saved/Config/Windows/Scalability.ini]
[2021.10.03-13.03.02:539][  0]LogConfig: Setting CVar [[r.LightFunctionQuality:1]]
[2021.10.03-13.03.02:539][  0]LogConfig: Setting CVar [[r.ShadowQuality:5]]
[2021.10.03-13.03.02:539][  0]LogConfig: Setting CVar [[r.Shadow.CSM.MaxCascades:10]]
[2021.10.03-13.03.02:539][  0]LogConfig: Setting CVar [[r.Shadow.MaxResolution:2048]]
[2021.10.03-13.03.02:539][  0]LogConfig: Setting CVar [[r.Shadow.MaxCSMResolution:2048]]
[2021.10.03-13.03.02:539][  0]LogConfig: Setting CVar [[r.Shadow.RadiusThreshold:0.01]]
[2021.10.03-13.03.02:539][  0]LogConfig: Setting CVar [[r.Shadow.DistanceScale:1.0]]
[2021.10.03-13.03.02:539][  0]LogConfig: Setting CVar [[r.Shadow.CSM.TransitionScale:1.0]]
[2021.10.03-13.03.02:539][  0]LogConfig: Setting CVar [[r.Shadow.PreShadowResolutionFactor:1.0]]
[2021.10.03-13.03.02:539][  0]LogConfig: Setting CVar [[r.DistanceFieldShadowing:1]]
[2021.10.03-13.03.02:539][  0]LogConfig: Setting CVar [[r.DistanceFieldAO:1]]
[2021.10.03-13.03.02:539][  0]LogConfig: Setting CVar [[r.AOQuality:2]]
[2021.10.03-13.03.02:539][  0]LogConfig: Setting CVar [[r.VolumetricFog:1]]
[2021.10.03-13.03.02:539][  0]LogConfig: Setting CVar [[r.VolumetricFog.GridPixelSize:8]]
[2021.10.03-13.03.02:539][  0]LogConfig: Setting CVar [[r.VolumetricFog.GridSizeZ:128]]
[2021.10.03-13.03.02:540][  0]LogConfig: Setting CVar [[r.VolumetricFog.HistoryMissSupersampleCount:4]]
[2021.10.03-13.03.02:540][  0]LogConfig: Setting CVar [[r.LightMaxDrawDistanceScale:1]]
[2021.10.03-13.03.02:540][  0]LogConfig: Setting CVar [[r.CapsuleShadows:1]]
[2021.10.03-13.03.02:540][  0]LogConfig: Applying CVar settings from Section [PostProcessQuality@3] File [D:/Projects/GamJams/2021LudumDare49/LudumDare49/LudumDare49_ScrapYard/LD_49_ScrapYard/Saved/Config/Windows/Scalability.ini]
[2021.10.03-13.03.02:540][  0]LogConfig: Setting CVar [[r.MotionBlurQuality:4]]
[2021.10.03-13.03.02:540][  0]LogConfig: Setting CVar [[r.AmbientOcclusionMipLevelFactor:0.4]]
[2021.10.03-13.03.02:540][  0]LogConfig: Setting CVar [[r.AmbientOcclusionMaxQuality:100]]
[2021.10.03-13.03.02:540][  0]LogConfig: Setting CVar [[r.AmbientOcclusionLevels:-1]]
[2021.10.03-13.03.02:540][  0]LogConfig: Setting CVar [[r.AmbientOcclusionRadiusScale:1.0]]
[2021.10.03-13.03.02:540][  0]LogConfig: Setting CVar [[r.DepthOfFieldQuality:2]]
[2021.10.03-13.03.02:540][  0]LogConfig: Setting CVar [[r.RenderTargetPoolMin:400]]
[2021.10.03-13.03.02:540][  0]LogConfig: Setting CVar [[r.LensFlareQuality:2]]
[2021.10.03-13.03.02:540][  0]LogConfig: Setting CVar [[r.SceneColorFringeQuality:1]]
[2021.10.03-13.03.02:540][  0]LogConfig: Setting CVar [[r.EyeAdaptationQuality:2]]
[2021.10.03-13.03.02:540][  0]LogConfig: Setting CVar [[r.BloomQuality:5]]
[2021.10.03-13.03.02:540][  0]LogConfig: Setting CVar [[r.FastBlurThreshold:100]]
[2021.10.03-13.03.02:540][  0]LogConfig: Setting CVar [[r.Upscale.Quality:3]]
[2021.10.03-13.03.02:540][  0]LogConfig: Setting CVar [[r.Tonemapper.GrainQuantization:1]]
[2021.10.03-13.03.02:540][  0]LogConfig: Setting CVar [[r.LightShaftQuality:1]]
[2021.10.03-13.03.02:540][  0]LogConfig: Setting CVar [[r.Filter.SizeScale:1]]
[2021.10.03-13.03.02:540][  0]LogConfig: Setting CVar [[r.Tonemapper.Quality:5]]
[2021.10.03-13.03.02:540][  0]LogConfig: Setting CVar [[r.DOF.Gather.AccumulatorQuality:1        ; higher gathering accumulator quality]]
[2021.10.03-13.03.02:540][  0]LogConfig: Setting CVar [[r.DOF.Gather.PostfilterMethod:1          ; Median3x3 postfilering method]]
[2021.10.03-13.03.02:540][  0]LogConfig: Setting CVar [[r.DOF.Gather.EnableBokehSettings:0       ; no bokeh simulation when gathering]]
[2021.10.03-13.03.02:540][  0]LogConfig: Setting CVar [[r.DOF.Gather.RingCount:4                 ; medium number of samples when gathering]]
[2021.10.03-13.03.02:540][  0]LogConfig: Setting CVar [[r.DOF.Scatter.ForegroundCompositing:1    ; additive foreground scattering]]
[2021.10.03-13.03.02:540][  0]LogConfig: Setting CVar [[r.DOF.Scatter.BackgroundCompositing:2    ; additive background scattering]]
[2021.10.03-13.03.02:540][  0]LogConfig: Setting CVar [[r.DOF.Scatter.EnableBokehSettings:1      ; bokeh simulation when scattering]]
[2021.10.03-13.03.02:540][  0]LogConfig: Setting CVar [[r.DOF.Scatter.MaxSpriteRatio:0.1         ; only a maximum of 10% of scattered bokeh]]
[2021.10.03-13.03.02:540][  0]LogConfig: Setting CVar [[r.DOF.Recombine.Quality:1                ; cheap slight out of focus]]
[2021.10.03-13.03.02:540][  0]LogConfig: Setting CVar [[r.DOF.Recombine.EnableBokehSettings:0    ; no bokeh simulation on slight out of focus]]
[2021.10.03-13.03.02:540][  0]LogConfig: Setting CVar [[r.DOF.TemporalAAQuality:1                ; more stable temporal accumulation]]
[2021.10.03-13.03.02:540][  0]LogConfig: Setting CVar [[r.DOF.Kernel.MaxForegroundRadius:0.025]]
[2021.10.03-13.03.02:540][  0]LogConfig: Setting CVar [[r.DOF.Kernel.MaxBackgroundRadius:0.025]]
[2021.10.03-13.03.02:540][  0]LogConfig: Applying CVar settings from Section [TextureQuality@3] File [D:/Projects/GamJams/2021LudumDare49/LudumDare49/LudumDare49_ScrapYard/LD_49_ScrapYard/Saved/Config/Windows/Scalability.ini]
[2021.10.03-13.03.02:540][  0]LogConfig: Setting CVar [[r.Streaming.MipBias:0]]
[2021.10.03-13.03.02:540][  0]LogConfig: Setting CVar [[r.Streaming.AmortizeCPUToGPUCopy:0]]
[2021.10.03-13.03.02:540][  0]LogConfig: Setting CVar [[r.Streaming.MaxNumTexturesToStreamPerFrame:0]]
[2021.10.03-13.03.02:540][  0]LogConfig: Setting CVar [[r.Streaming.Boost:1]]
[2021.10.03-13.03.02:540][  0]LogConfig: Setting CVar [[r.MaxAnisotropy:8]]
[2021.10.03-13.03.02:540][  0]LogConfig: Setting CVar [[r.VT.MaxAnisotropy:8]]
[2021.10.03-13.03.02:540][  0]LogConfig: Setting CVar [[r.Streaming.LimitPoolSizeToVRAM:0]]
[2021.10.03-13.03.02:540][  0]LogConfig: Setting CVar [[r.Streaming.PoolSize:1000]]
[2021.10.03-13.03.02:540][  0]LogConfig: Setting CVar [[r.Streaming.MaxEffectiveScreenSize:0]]
[2021.10.03-13.03.02:540][  0]LogConfig: Applying CVar settings from Section [EffectsQuality@3] File [D:/Projects/GamJams/2021LudumDare49/LudumDare49/LudumDare49_ScrapYard/LD_49_ScrapYard/Saved/Config/Windows/Scalability.ini]
[2021.10.03-13.03.02:540][  0]LogConfig: Setting CVar [[r.TranslucencyLightingVolumeDim:64]]
[2021.10.03-13.03.02:540][  0]LogConfig: Setting CVar [[r.RefractionQuality:2]]
[2021.10.03-13.03.02:540][  0]LogConfig: Setting CVar [[r.SSR.Quality:3]]
[2021.10.03-13.03.02:540][  0]LogConfig: Setting CVar [[r.SSR.HalfResSceneColor:0]]
[2021.10.03-13.03.02:540][  0]LogConfig: Setting CVar [[r.SceneColorFormat:4]]
[2021.10.03-13.03.02:540][  0]LogConfig: Setting CVar [[r.DetailMode:2]]
[2021.10.03-13.03.02:540][  0]LogConfig: Setting CVar [[r.TranslucencyVolumeBlur:1]]
[2021.10.03-13.03.02:540][  0]LogConfig: Setting CVar [[r.MaterialQualityLevel:1 ; High quality]]
[2021.10.03-13.03.02:540][  0]LogConfig: Setting CVar [[r.AnisotropicMaterials:1]]
[2021.10.03-13.03.02:540][  0]LogConfig: Setting CVar [[r.SSS.Scale:1]]
[2021.10.03-13.03.02:540][  0]LogConfig: Setting CVar [[r.SSS.SampleSet:2]]
[2021.10.03-13.03.02:540][  0]LogConfig: Setting CVar [[r.SSS.Quality:1]]
[2021.10.03-13.03.02:540][  0]LogConfig: Setting CVar [[r.SSS.HalfRes:0]]
[2021.10.03-13.03.02:540][  0]LogConfig: Setting CVar [[r.SSGI.Quality:3]]
[2021.10.03-13.03.02:540][  0]LogConfig: Setting CVar [[r.EmitterSpawnRateScale:1.0]]
[2021.10.03-13.03.02:540][  0]LogConfig: Setting CVar [[r.ParticleLightQuality:2]]
[2021.10.03-13.03.02:540][  0]LogConfig: Setting CVar [[r.SkyAtmosphere.AerialPerspectiveLUT.FastApplyOnOpaque:1 ; Always have FastSkyLUT 1 in this case to avoid wrong sky]]
[2021.10.03-13.03.02:540][  0]LogConfig: Setting CVar [[r.SkyAtmosphere.AerialPerspectiveLUT.SampleCountMaxPerSlice:4]]
[2021.10.03-13.03.02:540][  0]LogConfig: Setting CVar [[r.SkyAtmosphere.AerialPerspectiveLUT.DepthResolution:16.0]]
[2021.10.03-13.03.02:540][  0]LogConfig: Setting CVar [[r.SkyAtmosphere.FastSkyLUT:1]]
[2021.10.03-13.03.02:540][  0]LogConfig: Setting CVar [[r.SkyAtmosphere.FastSkyLUT.SampleCountMin:4.0]]
[2021.10.03-13.03.02:540][  0]LogConfig: Setting CVar [[r.SkyAtmosphere.FastSkyLUT.SampleCountMax:128.0]]
[2021.10.03-13.03.02:540][  0]LogConfig: Setting CVar [[r.SkyAtmosphere.SampleCountMin:4.0]]
[2021.10.03-13.03.02:540][  0]LogConfig: Setting CVar [[r.SkyAtmosphere.SampleCountMax:128.0]]
[2021.10.03-13.03.02:540][  0]LogConfig: Setting CVar [[r.SkyAtmosphere.TransmittanceLUT.UseSmallFormat:0]]
[2021.10.03-13.03.02:540][  0]LogConfig: Setting CVar [[r.SkyAtmosphere.TransmittanceLUT.SampleCount:10.0]]
[2021.10.03-13.03.02:540][  0]LogConfig: Setting CVar [[r.SkyAtmosphere.MultiScatteringLUT.SampleCount:15.0]]
[2021.10.03-13.03.02:540][  0]LogConfig: Setting CVar [[r.SkyLight.RealTimeReflectionCapture:1]]
[2021.10.03-13.03.02:540][  0]LogConfig: Applying CVar settings from Section [FoliageQuality@3] File [D:/Projects/GamJams/2021LudumDare49/LudumDare49/LudumDare49_ScrapYard/LD_49_ScrapYard/Saved/Config/Windows/Scalability.ini]
[2021.10.03-13.03.02:540][  0]LogConfig: Setting CVar [[foliage.DensityScale:1.0]]
[2021.10.03-13.03.02:540][  0]LogConfig: Setting CVar [[grass.DensityScale:1.0]]
[2021.10.03-13.03.02:540][  0]LogConfig: Applying CVar settings from Section [ShadingQuality@3] File [D:/Projects/GamJams/2021LudumDare49/LudumDare49/LudumDare49_ScrapYard/LD_49_ScrapYard/Saved/Config/Windows/Scalability.ini]
[2021.10.03-13.03.02:540][  0]LogConfig: Setting CVar [[r.HairStrands.SkyLighting.IntegrationType:2]]
[2021.10.03-13.03.02:540][  0]LogConfig: Setting CVar [[r.HairStrands.SkyAO.SampleCount:4]]
[2021.10.03-13.03.02:540][  0]LogConfig: Setting CVar [[r.HairStrands.Visibility.MSAA.SamplePerPixel:4]]
[2021.10.03-13.03.02:540][  0]LogConfig: Applying CVar settings from Section [Startup] File [../../../Engine/Config/ConsoleVariables.ini]
[2021.10.03-13.03.02:540][  0]LogConfig: Setting CVar [[net.UseAdaptiveNetUpdateFrequency:0]]
[2021.10.03-13.03.02:540][  0]LogConfig: Setting CVar [[p.chaos.AllowCreatePhysxBodies:1]]
[2021.10.03-13.03.02:540][  0]LogConfig: Setting CVar [[fx.SkipVectorVMBackendOptimizations:1]]
[2021.10.03-13.03.02:540][  0]LogConfig: Applying CVar settings from Section [ConsoleVariables] File [D:/Projects/GamJams/2021LudumDare49/LudumDare49/LudumDare49_ScrapYard/LD_49_ScrapYard/Saved/Config/Windows/Engine.ini]
[2021.10.03-13.03.02:540][  0]LogConfig: Applying CVar settings from Section [ConsoleVariables] File [D:/Projects/GamJams/2021LudumDare49/LudumDare49/LudumDare49_ScrapYard/LD_49_ScrapYard/Saved/Config/Windows/Editor.ini]
[2021.10.03-13.03.02:540][  0]LogInit: Computer: RAIDEN
[2021.10.03-13.03.02:540][  0]LogInit: User: DarKeN
[2021.10.03-13.03.02:540][  0]LogInit: CPU Page size=4096, Cores=8
[2021.10.03-13.03.02:540][  0]LogInit: High frequency timer resolution =10.000000 MHz
[2021.10.03-13.03.02:540][  0]LogMemory: Memory total: Physical=31.7GB (32GB approx)
[2021.10.03-13.03.02:540][  0]LogMemory: Platform Memory Stats for Windows
[2021.10.03-13.03.02:540][  0]LogMemory: Process Physical Memory: 152.96 MB used, 152.96 MB peak
[2021.10.03-13.03.02:540][  0]LogMemory: Process Virtual Memory: 132.60 MB used, 132.60 MB peak
[2021.10.03-13.03.02:540][  0]LogMemory: Physical Memory: 16741.27 MB used,  15728.27 MB free, 32469.55 MB total
[2021.10.03-13.03.02:540][  0]LogMemory: Virtual Memory: 134201368.00 MB used,  16357.46 MB free, 134217728.00 MB total
[2021.10.03-13.03.02:571][  0]LogWindows: WindowsPlatformFeatures enabled
[2021.10.03-13.03.02:596][  0]LogInit: Physics initialised using underlying interface: PhysX
[2021.10.03-13.03.02:597][  0]LogInit: Using OS detected language (en-US).
[2021.10.03-13.03.02:597][  0]LogInit: Using OS detected locale (en-CA).
[2021.10.03-13.03.02:598][  0]LogTextLocalizationManager: No specific localization for 'en-US' exists, so the 'en' localization will be used.
[2021.10.03-13.03.02:725][  0]LogInit: Setting process to per monitor DPI aware
[2021.10.03-13.03.02:736][  0]LogWindowsTextInputMethodSystem: Display: IME system deactivated.
[2021.10.03-13.03.02:747][  0]LogSlate: New Slate User Created.  User Index 0, Is Virtual User: 0
[2021.10.03-13.03.02:747][  0]LogSlate: Slate User Registered.  User Index 0, Is Virtual User: 0
[2021.10.03-13.03.02:822][  0]LogD3D11RHI: Loaded GFSDK_Aftermath_Lib.x64.dll
[2021.10.03-13.03.02:869][  0]LogHMD: Failed to initialize OpenVR with code 108
[2021.10.03-13.03.02:869][  0]LogD3D11RHI: D3D11 min allowed feature level: 11_0
[2021.10.03-13.03.02:870][  0]LogD3D11RHI: D3D11 max allowed feature level: 11_0
[2021.10.03-13.03.02:870][  0]LogD3D11RHI: D3D11 adapters:
[2021.10.03-13.03.02:950][  0]LogD3D11RHI:    0. 'NVIDIA GeForce RTX 3080 Laptop GPU' (Feature Level 11_0)
[2021.10.03-13.03.02:950][  0]LogD3D11RHI:       16201/0/16234 MB DedicatedVideo/DedicatedSystem/SharedSystem, Outputs:1, VendorId:0x10de
[2021.10.03-13.03.02:978][  0]LogD3D11RHI:    1. 'Intel(R) UHD Graphics' (Feature Level 11_0)
[2021.10.03-13.03.02:978][  0]LogD3D11RHI:       128/0/16234 MB DedicatedVideo/DedicatedSystem/SharedSystem, Outputs:1, VendorId:0x8086
[2021.10.03-13.03.02:980][  0]LogD3D11RHI:    2. 'Microsoft Basic Render Driver' (Feature Level 11_0)
[2021.10.03-13.03.02:980][  0]LogD3D11RHI:       0/0/16234 MB DedicatedVideo/DedicatedSystem/SharedSystem, Outputs:0, VendorId:0x1414
[2021.10.03-13.03.02:980][  0]LogD3D11RHI: Chosen D3D11 Adapter: 0
[2021.10.03-13.03.02:986][  0]LogD3D11RHI: Creating new Direct3DDevice
[2021.10.03-13.03.02:986][  0]LogD3D11RHI:     GPU DeviceId: 0x249c (for the marketing name, search the web for "GPU Device Id")
[2021.10.03-13.03.02:986][  0]LogWindows: EnumDisplayDevices:
[2021.10.03-13.03.02:987][  0]LogWindows:    0. 'Intel(R) UHD Graphics' (P:0 D:1)
[2021.10.03-13.03.02:987][  0]LogWindows:    1. 'Intel(R) UHD Graphics' (P:0 D:0)
[2021.10.03-13.03.02:987][  0]LogWindows:    2. 'Intel(R) UHD Graphics' (P:0 D:0)
[2021.10.03-13.03.02:987][  0]LogWindows:    3. 'Intel(R) UHD Graphics' (P:0 D:0)
[2021.10.03-13.03.02:987][  0]LogWindows:    4. 'NVIDIA GeForce RTX 3080 Laptop GPU' (P:1 D:1)
[2021.10.03-13.03.02:987][  0]LogWindows:    5. 'NVIDIA GeForce RTX 3080 Laptop GPU' (P:0 D:0)
[2021.10.03-13.03.02:987][  0]LogWindows:    6. 'NVIDIA GeForce RTX 3080 Laptop GPU' (P:0 D:0)
[2021.10.03-13.03.02:988][  0]LogWindows:    7. 'NVIDIA GeForce RTX 3080 Laptop GPU' (P:0 D:0)
[2021.10.03-13.03.02:988][  0]LogWindows: DebugString: PrimaryIsNotTheChoosenAdapter PrimaryIsNotTheChoosenAdapter PrimaryIsNotTheChoosenAdapter PrimaryIsNotTheChoosenAdapter FoundDriverCount:4 
[2021.10.03-13.03.02:988][  0]LogD3D11RHI:     Adapter Name: NVIDIA GeForce RTX 3080 Laptop GPU
[2021.10.03-13.03.02:988][  0]LogD3D11RHI:   Driver Version: 471.68 (internal:30.0.14.7168, unified:471.68)
[2021.10.03-13.03.02:988][  0]LogD3D11RHI:      Driver Date: 8-5-2021
[2021.10.03-13.03.02:988][  0]LogRHI: Texture pool is 11340 MB (70% of 16201 MB)
[2021.10.03-13.03.03:048][  0]LogD3D11RHI: RHI has support for 64 bit atomics
[2021.10.03-13.03.03:048][  0]LogD3D11RHI: Async texture creation enabled
[2021.10.03-13.03.03:048][  0]LogD3D11RHI: Array index from any shader is supported
[2021.10.03-13.03.03:061][  0]LogD3D11RHI: GPU Timing Frequency: 1000.000000 (Debug: 2 1)
[2021.10.03-13.03.03:074][  0]LogRHI: GeForceNow SDK initialized: 1
[2021.10.03-13.03.03:284][  0]LogTargetPlatformManager: Display: Loaded TargetPlatform 'AllDesktop'
[2021.10.03-13.03.03:298][  0]LogTargetPlatformManager: Display: Loaded TargetPlatform 'Android'
[2021.10.03-13.03.03:298][  0]LogTargetPlatformManager: Display: Loaded TargetPlatform 'Android_ASTC'
[2021.10.03-13.03.03:298][  0]LogTargetPlatformManager: Display: Loaded TargetPlatform 'Android_DXT'
[2021.10.03-13.03.03:298][  0]LogTargetPlatformManager: Display: Loaded TargetPlatform 'Android_ETC2'
[2021.10.03-13.03.03:298][  0]LogTargetPlatformManager: Display: Loaded TargetPlatform 'AndroidClient'
[2021.10.03-13.03.03:299][  0]LogTargetPlatformManager: Display: Loaded TargetPlatform 'Android_ASTCClient'
[2021.10.03-13.03.03:299][  0]LogTargetPlatformManager: Display: Loaded TargetPlatform 'Android_DXTClient'
[2021.10.03-13.03.03:299][  0]LogTargetPlatformManager: Display: Loaded TargetPlatform 'Android_ETC2Client'
[2021.10.03-13.03.03:299][  0]LogTargetPlatformManager: Display: Loaded TargetPlatform 'Android_Multi'
[2021.10.03-13.03.03:299][  0]LogTargetPlatformManager: Display: Loaded TargetPlatform 'Android_MultiClient'
[2021.10.03-13.03.03:311][  0]LogTargetPlatformManager: Display: Loaded TargetPlatform 'IOSClient'
[2021.10.03-13.03.03:311][  0]LogTargetPlatformManager: Display: Loaded TargetPlatform 'IOS'
[2021.10.03-13.03.03:317][  0]LogTargetPlatformManager: Display: Loaded TargetPlatform 'Linux'
[2021.10.03-13.03.03:320][  0]LogTargetPlatformManager: Display: Loaded TargetPlatform 'LinuxNoEditor'
[2021.10.03-13.03.03:323][  0]LogTargetPlatformManager: Display: Loaded TargetPlatform 'LinuxClient'
[2021.10.03-13.03.03:326][  0]LogTargetPlatformManager: Display: Loaded TargetPlatform 'LinuxServer'
[2021.10.03-13.03.03:332][  0]LogTargetPlatformManager: Display: Loaded TargetPlatform 'LinuxAArch64NoEditor'
[2021.10.03-13.03.03:335][  0]LogTargetPlatformManager: Display: Loaded TargetPlatform 'LinuxAArch64Client'
[2021.10.03-13.03.03:337][  0]LogTargetPlatformManager: Display: Loaded TargetPlatform 'LinuxAArch64Server'
[2021.10.03-13.03.03:352][  0]LogTargetPlatformManager: Display: Loaded TargetPlatform 'Lumin'
[2021.10.03-13.03.03:353][  0]LogTargetPlatformManager: Display: Loaded TargetPlatform 'LuminClient'
[2021.10.03-13.03.03:358][  0]LogTargetPlatformManager: Display: Loaded TargetPlatform 'MacNoEditor'
[2021.10.03-13.03.03:361][  0]LogTargetPlatformManager: Display: Loaded TargetPlatform 'Mac'
[2021.10.03-13.03.03:366][  0]LogTargetPlatformManager: Display: Loaded TargetPlatform 'MacClient'
[2021.10.03-13.03.03:370][  0]LogTargetPlatformManager: Display: Loaded TargetPlatform 'MacServer'
[2021.10.03-13.03.03:377][  0]LogTargetPlatformManager: Display: Loaded TargetPlatform 'TVOSClient'
[2021.10.03-13.03.03:377][  0]LogTargetPlatformManager: Display: Loaded TargetPlatform 'TVOS'
[2021.10.03-13.03.03:383][  0]LogTargetPlatformManager: Display: Loaded TargetPlatform 'WindowsNoEditor'
[2021.10.03-13.03.03:386][  0]LogTargetPlatformManager: Display: Loaded TargetPlatform 'Windows'
[2021.10.03-13.03.03:389][  0]LogTargetPlatformManager: Display: Loaded TargetPlatform 'WindowsClient'
[2021.10.03-13.03.03:391][  0]LogTargetPlatformManager: Display: Loaded TargetPlatform 'WindowsServer'
[2021.10.03-13.03.03:391][  0]LogTargetPlatformManager: Display: Building Assets For Windows
[2021.10.03-13.03.03:396][  0]LogAudioDebug: Display: Lib vorbis DLL was dynamically loaded.
[2021.10.03-13.03.03:415][  0]LogTextureFormatOodle: Display: Oodle Texture 2.9.0 init RDO Off
[2021.10.03-13.03.03:434][  0]LogRendererCore: Ray tracing is disabled. Reason: r.RayTracing=0.
[2021.10.03-13.03.03:434][  0]LogShaderCompilers: Guid format shader working directory is -51 characters bigger than the processId version (../../../../../Projects/GamJams/2021LudumDare49/LudumDare49/LudumDare49_ScrapYard/LD_49_ScrapYard/Intermediate/Shaders/WorkingDirectory/34208/).
[2021.10.03-13.03.03:435][  0]LogShaderCompilers: Cleaned the shader compiler working directory 'C:/Users/DarKeN/AppData/Local/Temp/UnrealShaderWorkingDir/A3CE5AF644BEE406FDC016B98F449A1C/'.
[2021.10.03-13.03.03:435][  0]LogXGEController: Cannot use XGE Controller as Incredibuild is not installed on this machine.
[2021.10.03-13.03.03:435][  0]LogShaderCompilers: Cannot use XGE Shader Compiler as Incredibuild is not installed on this machine.
[2021.10.03-13.03.03:435][  0]LogShaderCompilers: Display: Using Local Shader Compiler.
[2021.10.03-13.03.04:003][  0]LogDerivedDataCache: Display: Max Cache Size: 512 MB
[2021.10.03-13.03.04:050][  0]LogDerivedDataCache: Loaded boot cache 0.05s 95MB C:/Users/DarKeN/AppData/Local/UnrealEngine/4.27/DerivedDataCache/Boot.ddc.
[2021.10.03-13.03.04:050][  0]LogDerivedDataCache: Display: Loaded Boot cache: C:/Users/DarKeN/AppData/Local/UnrealEngine/4.27/DerivedDataCache/Boot.ddc
[2021.10.03-13.03.04:050][  0]LogDerivedDataCache: FDerivedDataBackendGraph:  Pak pak cache file ../../../../../Projects/GamJams/2021LudumDare49/LudumDare49/LudumDare49_ScrapYard/LD_49_ScrapYard/DerivedDataCache/DDC.ddp not found, will not use a pak cache.
[2021.10.03-13.03.04:050][  0]LogDerivedDataCache: Unable to find inner node Pak for hierarchical cache Hierarchy.
[2021.10.03-13.03.04:050][  0]LogDerivedDataCache: FDerivedDataBackendGraph:  CompressedPak pak cache file ../../../../../Projects/GamJams/2021LudumDare49/LudumDare49/LudumDare49_ScrapYard/LD_49_ScrapYard/DerivedDataCache/Compressed.ddp not found, will not use a pak cache.
[2021.10.03-13.03.04:050][  0]LogDerivedDataCache: Unable to find inner node CompressedPak for hierarchical cache Hierarchy.
[2021.10.03-13.03.04:063][  0]LogDerivedDataCache: Display: Pak cache opened for reading ../../../Engine/DerivedDataCache/Compressed.ddp.
[2021.10.03-13.03.04:063][  0]LogDerivedDataCache: FDerivedDataBackendGraph:  EnterprisePak pak cache file ../../../Enterprise/DerivedDataCache/Compressed.ddp not found, will not use a pak cache.
[2021.10.03-13.03.04:063][  0]LogDerivedDataCache: Unable to find inner node EnterprisePak for hierarchical cache Hierarchy.
[2021.10.03-13.03.04:078][  0]LogDerivedDataCache: Speed tests for C:/Users/DarKeN/AppData/Local/UnrealEngine/Common/DerivedDataCache took 0.01 seconds
[2021.10.03-13.03.04:078][  0]LogDerivedDataCache: Display: Performance to C:/Users/DarKeN/AppData/Local/UnrealEngine/Common/DerivedDataCache: Latency=0.02ms. RandomReadSpeed=1667.00MBs, RandomWriteSpeed=68.27MBs. Assigned SpeedClass 'Local'
[2021.10.03-13.03.04:078][  0]LogDerivedDataCache: Using Local data cache path C:/Users/DarKeN/AppData/Local/UnrealEngine/Common/DerivedDataCache: Writable
[2021.10.03-13.03.04:078][  0]LogDerivedDataCache: Shared data cache path not found in *engine.ini, will not use an Shared cache.
[2021.10.03-13.03.04:078][  0]LogDerivedDataCache: Unable to find inner node Shared for hierarchical cache Hierarchy.
[2021.10.03-13.03.04:113][  0]LogSlate: Using FreeType 2.10.0
[2021.10.03-13.03.04:114][  0]LogSlate: SlateFontServices - WITH_FREETYPE: 1, WITH_HARFBUZZ: 1
[2021.10.03-13.03.04:131][  0]LogAssetRegistry: FAssetRegistry took 0.0022 seconds to start up
[2021.10.03-13.03.04:304][  0]LogInit: Selected Device Profile: [Windows]
[2021.10.03-13.03.04:304][  0]LogInit: Active device profile: [0000022F747D9300][0000022F732094C0 49] Windows
[2021.10.03-13.03.04:304][  0]LogInit: Profiles: [0000022F747D9300][0000022F732094C0 49] Windows, [0000022F7478AC00][0000022F73221780 49] WindowsNoEditor, [0000022F747DA400][0000022F73231A40 49] WindowsServer, [0000022F7478BB00][0000022F75604180 49] WindowsClient, [0000022F747DB300][0000022F7563C440 49] IOS, [0000022F74789200][0000022F75640700 49] iPadAir, [0000022F747DBE00][0000022F756449C0 49] iPadAir2, [0000022F75806100][0000022F69B00E80 49] IPadPro, [0000022F75806200][0000022F7320CEC0 49] iPadAir3, [0000022F7478BF00][0000022F69AFD180 49] iPadAir4, [0000022F75807100][0000022F7564D440 49] iPadMini2, [0000022F7478AF00][0000022F6F903700 49] iPadMini3, [0000022F75807E00][0000022F6F9139C0 49] iPadMini4, [0000022F7478A000][0000022F6F916100 49] iPadMini5, [0000022F75875A00][0000022F76A46640 49] iPhone6, [0000022F75875B00][0000022F6F91A680 49] iPodTouch6, [0000022F747DAE00][0000022F76A52BC0 49] iPhone7, [0000022F747DB100][0000022F6F922C00 49] iPodTouch7, [0000022F75805C00][0000022F75648E80 49] iPhone5S, [0000022F747D9200][0000022F76A43100 49] iPhone6Plus, [0000022F75805800][0000022F76A4F3C0 49] iPhone6S, [0000022F747D8400][0000022F76A5B680 49] iPhone6SPlus, [0000022F75804E00][0000022F6F937940 49] iPhone7Plus, [0000022F747DB000][0000022F6F93BC00 49] iPhoneSE, [0000022F75804A00][0000022F6F93E340 49] iPhone8, [0000022F747D8800][0000022F6F942600 49] iPhone8Plus, [0000022F747D9D00][0000022F6F9468C0 49] iPhoneX, [0000022F75874800][0000022F694FEB80 49] iPhoneXS, [0000022F747DAD00][0000022F6922EE40 49] iPhoneXSMax, [0000022F75874F00][0000022F6F91F0C0 49] iPhoneXR, [0000022F747D9A00][0000022F69233340 49] iPhone11, [0000022F75875300][0000022F6923B600 49] iPhone11Pro, [0000022F75874400][0000022F692438C0 49] iPhone11ProMax, [0000022F75807200][0000022F6924BB80 49] iPhoneSE2, [0000022F75876300][0000022F6EA062C0 49] iPhone12Mini, [0000022F75805400][0000022F6EA0A580 49] iPhone12, [0000022F75876D00][0000022F6EA0E840 49] iPhone12Pro, [0000022F75807700][0000022F6EA12B00 49] iPhone12ProMax, [0000022F75876E00][0000022F7551ADC0 49] iPadPro105, [0000022F75806400][0000022F7551F080 49] iPadPro129, [0000022F75876F00][0000022F69237300 49] iPadPro97, [0000022F75807800][0000022F75523580 49] iPadPro2_129, [0000022F747D9600][0000022F7552B840 49] iPad5, [0000022F75805B00][0000022F7552FB00 49] iPad6, [0000022F747DB700][0000022F75532240 49] iPad7, [0000022F75804100][0000022F75536500 49] iPad8, [0000022F747D9E00][0000022F6D0827C0 49] iPadPro11, [0000022F75806F00][0000022F6D086A80 49] iPadPro2_11, [0000022F747DBA00][0000022F7559ED40 49] iPadPro3_129, [0000022F75806B00][0000022F755A3000 49] iPadPro4_129, [0000022F747DA900][0000022F755A72C0 49] AppleTV, [0000022F75804200][0000022F75527540 49] AppleTV4K, [0000022F747DA500][0000022F755B37C0 49] TVOS, [0000022F75805900][0000022F755BBA80 49] Mac, [0000022F747D8E00][0000022F755BE1C0 49] MacClient, [0000022F75804800][0000022F755C2480 49] MacNoEditor, [0000022F747D9800][0000022F755C6740 49] MacServer, [0000022F75805E00][0000022F7691CA00 49] Linux, [0000022F747D9000][0000022F76920CC0 49] LinuxAArch64, [0000022F75804300][0000022F76924F80 49] LinuxNoEditor, [0000022F747D8600][0000022F7692D240 49] LinuxAArch64NoEditor, [0000022F75807F00][0000022F76931500 49] LinuxClient, [0000022F747D8100][0000022F755B7780 49] LinuxAArch64Client, [0000022F75804600][0000022F76939A40 49] LinuxServer, [0000022F747D9500][0000022F6D08A180 49] LinuxAArch64Server, [0000022F75806D00][0000022F6D08E440 49] Android, [0000022F747D8D00][0000022F6D092700 49] Android_Low, [0000022F75805600][0000022F755CA9C0 49] Android_Mid, [0000022F747DB400][0000022F76928C80 49] Android_High, [0000022F75804B00][0000022F6D0A2F40 49] Android_Default, [0000022F747D9F00][0000022F6D0A7200 49] Android_Adreno4xx, [0000022F75805500][0000022F6D0AB4C0 49] Android_Adreno5xx_Low, [0000022F747DB500][0000022F76935740 49] Android_Adreno5xx, [0000022F75804700][0000022F694D99C0 49] Android_Adreno6xx, [0000022F747D9C00][0000022F694DC100 49] Android_Adreno6xx_Vulkan, [0000022F75806800][0000022F6EA023C0 49] Android_Mali_T6xx, [0000022F747DA300][0000022F69246680 49] Android_Mali_T7xx, [0000022F75805700][0000022F6923E940 49] Android_Mali_T8xx, [0000022F747DA800][0000022F76A4AC00 49] Android_Mali_G71, [0000022F75807400][0000022F694E0EC0 49] Android_Mali_G72, [0000022F747D8700][0000022F694E5180 49] Android_Mali_G72_Vulkan, [0000022F75806700][0000022F694E9440 49] Android_Mali_G76, [0000022F75877900][0000022F694ED700 49] Android_Mali_G76_Vulkan, [0000022F74788900][0000022F76A57980 49] Android_Mali_G77, [0000022F75877200][0000022F694F1C00 49] Android_Mali_G77_Vulkan, [0000022F74788D00][0000022F694F8340 49] Android_Mali_G78, [0000022F75874C00][0000022F69B08600 49] Android_Mali_G78_Vulkan, [0000022F74788B00][0000022F69B0C8C0 49] Android_Mali_G710, [0000022F75874500][0000022F69B10B80 49] Android_Mali_G710_Vulkan, [0000022F7478BD00][0000022F69B14E40 49] Android_Vulkan_SM5, [0000022F75874200][0000022F69B19100 49] Android_PowerVR_G6xxx, [0000022F7478B700][0000022F69B1D3C0 49] Android_PowerVR_GT7xxx, [0000022F75877700][0000022F69B21680 49] Android_PowerVR_GE8xxx, [0000022F74788200][0000022F69B25940 49] Android_PowerVR_GM9xxx, [0000022F75876200][0000022F694F5BC0 49] Android_PowerVR_GM9xxx_Vulkan, [0000022F7478A500][0000022F69B282C0 49] Android_TegraK1, [0000022F75874E00][0000022F691C0580 49] Android_Unknown_Vulkan, [0000022F74789600][0000022F691C4840 49] Lumin, [0000022F75875100][0000022F691C8B00 49] Lumin_Desktop, [0000022F7478A800][0000022F691CCDC0 49] HoloLens, 
[2021.10.03-13.03.04:395][  0]LogMeshReduction: Using QuadricMeshReduction for automatic static mesh reduction
[2021.10.03-13.03.04:395][  0]LogMeshReduction: Using SimplygonMeshReduction for automatic skeletal mesh reduction
[2021.10.03-13.03.04:395][  0]LogMeshReduction: Using ProxyLODMeshReduction for automatic mesh merging
[2021.10.03-13.03.04:395][  0]LogMeshReduction: No distributed automatic mesh merging module available
[2021.10.03-13.03.04:395][  0]LogMeshMerging: No distributed automatic mesh merging module available
[2021.10.03-13.03.04:408][  0]LogNetVersion: LD_49_ScrapYard 1.0.0, NetCL: 17155196, EngineNetVer: 17, GameNetVer: 0 (Checksum: 1871244056)
[2021.10.03-13.03.04:663][  0]LogTexture: Default maximum texture size for cubemaps generated from long-lat sources has been changed from 512 to unlimited. In order to preserve old behaiour for '/Engine/MapTemplates/Sky/DaylightAmbientCubemap.DaylightAmbientCubemap', its maximum texture size has been explicitly set to 512.
[2021.10.03-13.03.04:704][  0]LogHMD: PokeAHoleMaterial loaded successfully
[2021.10.03-13.03.04:708][  0]LogUObjectArray: 17178 objects as part of root set at end of initial load.
[2021.10.03-13.03.04:708][  0]LogUObjectAllocator: 4301856 out of 0 bytes used by permanent object pool.
[2021.10.03-13.03.04:708][  0]LogUObjectArray: CloseDisregardForGC: 0/0 objects in disregard for GC pool
[2021.10.03-13.03.04:873][  0]LogTcpMessaging: Initializing TcpMessaging bridge
[2021.10.03-13.03.04:887][  0]LogNiagaraDebuggerClient: Niagara Debugger Client Initialized | Session: 8C60C66444D8547DC476D181E309DB86 | Instance: 11AB38B047FFF53180768A9C53E44D00 (RAIDEN-34208).
[2021.10.03-13.03.04:966][  0]LogStreaming: Warning: Failed to read file '../../../Engine/Content/Editor/Slate/Niagara/MenuSeparator.png' error.
[2021.10.03-13.03.04:966][  0]LogSlate: Could not find file for Slate resource: ../../../Engine/Content/Editor/Slate/Niagara/MenuSeparator.png
[2021.10.03-13.03.04:966][  0]LogStreaming: Warning: Failed to read file '../../../Engine/Content/Editor/Slate/Niagara/Common/Selector.png' error.
[2021.10.03-13.03.04:966][  0]LogSlate: Could not find file for Slate resource: ../../../Engine/Content/Editor/Slate/Niagara/Common/Selector.png
[2021.10.03-13.03.04:966][  0]LogStreaming: Warning: Failed to read file '../../../Engine/Content/Editor/Slate/Niagara/Common/Selection.png' error.
[2021.10.03-13.03.04:966][  0]LogSlate: Could not find file for Slate resource: ../../../Engine/Content/Editor/Slate/Niagara/Common/Selection.png
[2021.10.03-13.03.04:966][  0]LogStreaming: Warning: Failed to read file '../../../Engine/Content/Editor/Slate/Niagara/Common/DropZoneIndicator_Above.png' error.
[2021.10.03-13.03.04:966][  0]LogSlate: Could not find file for Slate resource: ../../../Engine/Content/Editor/Slate/Niagara/Common/DropZoneIndicator_Above.png
[2021.10.03-13.03.04:966][  0]LogStreaming: Warning: Failed to read file '../../../Engine/Content/Editor/Slate/Niagara/Common/DropZoneIndicator_Onto.png' error.
[2021.10.03-13.03.04:966][  0]LogSlate: Could not find file for Slate resource: ../../../Engine/Content/Editor/Slate/Niagara/Common/DropZoneIndicator_Onto.png
[2021.10.03-13.03.04:966][  0]LogStreaming: Warning: Failed to read file '../../../Engine/Content/Editor/Slate/Niagara/Common/DropZoneIndicator_Below.png' error.
[2021.10.03-13.03.04:966][  0]LogSlate: Could not find file for Slate resource: ../../../Engine/Content/Editor/Slate/Niagara/Common/DropZoneIndicator_Below.png
[2021.10.03-13.03.04:966][  0]LogStreaming: Warning: Failed to read file '../../../Engine/Content/Editor/Slate/Niagara/Common/FlatButton.png' error.
[2021.10.03-13.03.04:966][  0]LogStreaming: Warning: Failed to read file '../../../Engine/Content/Editor/Slate/Niagara/Common/RoundedSelection_16x.png' error.
[2021.10.03-13.03.04:966][  0]LogSlate: Could not find file for Slate resource: ../../../Engine/Content/Editor/Slate/Niagara/Common/FlatButton.png
[2021.10.03-13.03.04:966][  0]LogSlate: Could not find file for Slate resource: ../../../Engine/Content/Editor/Slate/Niagara/Common/RoundedSelection_16x.png
[2021.10.03-13.03.04:966][  0]LogImageWrapper: Warning: PNG Warning: Duplicate iCCP chunk
[2021.10.03-13.03.04:966][  0]LogImageWrapper: Warning: PNG Warning: Duplicate iCCP chunk
[2021.10.03-13.03.04:966][  0]LogUdpMessaging: Initializing bridge on interface 0.0.0.0:0 to multicast group 230.0.0.1:6666.
[2021.10.03-13.03.04:980][  0]LogPython: Using Python 3.7.7
[2021.10.03-13.03.05:378][  0]LogLinker: Warning: Failed to load '/Game/2DSideScrollerBP/2DSideScrollerOverview': Can't find file.
[2021.10.03-13.03.05:378][  0]LogLinker: Warning: Failed to load '/Game/2DSideScrollerBP/2DSideScrollerOverview': Can't find file.
[2021.10.03-13.03.05:378][  0]LogUObjectGlobals: Warning: Failed to find object 'Class /Game/2DSideScrollerBP/2DSideScrollerOverview.2DSideScrollerOverview_C'
[2021.10.03-13.03.05:531][  0]SourceControl: Source control is disabled
[2021.10.03-13.03.05:531][  0]SourceControl: Source control is disabled
[2021.10.03-13.03.05:542][  0]SourceControl: Source control is disabled
[2021.10.03-13.03.05:544][  0]SourceControl: Source control is disabled
[2021.10.03-13.03.05:551][  0]SourceControl: Source control is disabled
[2021.10.03-13.03.05:583][  0]LogUProjectInfo: Found projects:
[2021.10.03-13.03.05:596][  0]LogOpenImageDenoise: OIDN starting up
[2021.10.03-13.03.05:614][  0]LogAndroidPermission: UAndroidPermissionCallbackProxy::GetInstance
[2021.10.03-13.03.05:628][  0]LogAudioCaptureCore: Display: No Audio Capture implementations found. Audio input will be silent.
[2021.10.03-13.03.05:628][  0]LogAudioCaptureCore: Display: No Audio Capture implementations found. Audio input will be silent.
[2021.10.03-13.03.05:717][  0]LogCollectionManager: Loaded 0 collections in 0.000431 seconds
[2021.10.03-13.03.05:736][  0]LogFileCache: Scanning file cache for directory 'D:/Projects/GamJams/2021LudumDare49/LudumDare49/LudumDare49_ScrapYard/LD_49_ScrapYard/Saved/Collections/' took 0.00s
[2021.10.03-13.03.05:736][  0]LogFileCache: Scanning file cache for directory 'D:/Projects/GamJams/2021LudumDare49/LudumDare49/LudumDare49_ScrapYard/LD_49_ScrapYard/Content/Developers/DarKeN/Collections/' took 0.00s
[2021.10.03-13.03.05:736][  0]LogFileCache: Scanning file cache for directory 'D:/Projects/GamJams/2021LudumDare49/LudumDare49/LudumDare49_ScrapYard/LD_49_ScrapYard/Content/Collections/' took 0.00s
[2021.10.03-13.03.05:736][  0]LogOcInput: OculusInput pre-init called
[2021.10.03-13.03.05:838][  0]LogStreaming: Warning: Failed to read file '../../../Engine/Content/Editor/Slate/Niagara/MenuSeparator.png' error.
[2021.10.03-13.03.05:838][  0]LogSlate: Could not find file for Slate resource: ../../../Engine/Content/Editor/Slate/Niagara/MenuSeparator.png
[2021.10.03-13.03.05:838][  0]LogStreaming: Warning: Failed to read file '../../../Engine/Content/Editor/Slate/Niagara/Common/Selector.png' error.
[2021.10.03-13.03.05:838][  0]LogSlate: Could not find file for Slate resource: ../../../Engine/Content/Editor/Slate/Niagara/Common/Selector.png
[2021.10.03-13.03.05:838][  0]LogStreaming: Warning: Failed to read file '../../../Engine/Content/Editor/Slate/Niagara/Common/Selection.png' error.
[2021.10.03-13.03.05:838][  0]LogSlate: Could not find file for Slate resource: ../../../Engine/Content/Editor/Slate/Niagara/Common/Selection.png
[2021.10.03-13.03.05:838][  0]LogStreaming: Warning: Failed to read file '../../../Engine/Content/Editor/Slate/Niagara/Common/DropZoneIndicator_Above.png' error.
[2021.10.03-13.03.05:838][  0]LogSlate: Could not find file for Slate resource: ../../../Engine/Content/Editor/Slate/Niagara/Common/DropZoneIndicator_Above.png
[2021.10.03-13.03.05:838][  0]LogStreaming: Warning: Failed to read file '../../../Engine/Content/Editor/Slate/Niagara/Common/DropZoneIndicator_Onto.png' error.
[2021.10.03-13.03.05:838][  0]LogSlate: Could not find file for Slate resource: ../../../Engine/Content/Editor/Slate/Niagara/Common/DropZoneIndicator_Onto.png
[2021.10.03-13.03.05:838][  0]LogStreaming: Warning: Failed to read file '../../../Engine/Content/Editor/Slate/Niagara/Common/DropZoneIndicator_Below.png' error.
[2021.10.03-13.03.05:838][  0]LogSlate: Could not find file for Slate resource: ../../../Engine/Content/Editor/Slate/Niagara/Common/DropZoneIndicator_Below.png
[2021.10.03-13.03.05:838][  0]LogImageWrapper: Warning: PNG Warning: Duplicate iCCP chunk
[2021.10.03-13.03.05:838][  0]LogStreaming: Warning: Failed to read file '../../../Engine/Content/Editor/Slate/Niagara/Common/RoundedSelection_16x.png' error.
[2021.10.03-13.03.05:838][  0]LogStreaming: Warning: Failed to read file '../../../Engine/Content/Editor/Slate/Niagara/Common/FlatButton.png' error.
[2021.10.03-13.03.05:838][  0]LogSlate: Could not find file for Slate resource: ../../../Engine/Content/Editor/Slate/Niagara/Common/FlatButton.png
[2021.10.03-13.03.05:838][  0]LogImageWrapper: Warning: PNG Warning: Duplicate iCCP chunk
[2021.10.03-13.03.05:838][  0]LogSlate: Could not find file for Slate resource: ../../../Engine/Content/Editor/Slate/Niagara/Common/RoundedSelection_16x.png
[2021.10.03-13.03.05:903][  0]LogEngine: Initializing Engine...
[2021.10.03-13.03.05:964][  0]LogHMD: Failed to initialize OpenVR with code 108
[2021.10.03-13.03.05:972][  0]LogHMD: Optional extension XR_VARJO_quad_views is not available
[2021.10.03-13.03.05:972][  0]LogHMD: Warning: Required extension XR_EXT_eye_gaze_interaction is not available
[2021.10.03-13.03.05:972][  0]LogHMD: Could not enable all required OpenXR extensions for OpenXREyeTracker on current system. This plugin will be loaded but ignored, but will be enabled on a target platform that supports the required extension.
[2021.10.03-13.03.06:012][  0]LogHMD: Failed to create an OpenXR instance, result is XR_ERROR_RUNTIME_FAILURE. Please check if you have an OpenXR runtime installed. The following extensions were enabled:
[2021.10.03-13.03.06:012][  0]LogHMD: - XR_KHR_D3D11_enable
[2021.10.03-13.03.06:012][  0]LogHMD: - XR_KHR_D3D12_enable
[2021.10.03-13.03.06:012][  0]LogHMD: - XR_KHR_opengl_enable
[2021.10.03-13.03.06:012][  0]LogHMD: - XR_KHR_vulkan_enable
[2021.10.03-13.03.06:012][  0]LogHMD: - XR_KHR_composition_layer_depth
[2021.10.03-13.03.06:012][  0]LogHMD: - XR_KHR_visibility_mask
[2021.10.03-13.03.06:012][  0]LogHMD: - XR_EXT_hand_tracking
[2021.10.03-13.03.06:012][  0]LogMagicLeap: Warning: VR disabled because ZI is not enabled.  To enable, in the editor, Edit -> Project Settings -> Plugins -> Magic Leap Plugin -> Enable Zero Iteration
[2021.10.03-13.03.06:013][  0]LogStats: UGameplayTagsManager::InitializeManager -  0.000 s
[2021.10.03-13.03.06:108][  0]LogInit: Initializing FReadOnlyCVARCache
[2021.10.03-13.03.06:118][  0]LogAIModule: Creating AISystem for world Untitled
[2021.10.03-13.03.06:119][  0]LogAudio: Display: Initializing Audio Device Manager...
[2021.10.03-13.03.06:121][  0]LogAudio: Display: Loading Default Audio Settings Objects...
[2021.10.03-13.03.06:121][  0]LogAudio: Display: No default SoundConcurrencyObject specified (or failed to load).
[2021.10.03-13.03.06:122][  0]LogAudio: Display: Audio Device Manager Initialized
[2021.10.03-13.03.06:122][  0]LogAudio: Display: Creating Audio Device:                 Id: 1, Scope: Shared, Realtime: True
[2021.10.03-13.03.06:122][  0]LogAudioMixer: Display: Audio Mixer Platform Settings:
[2021.10.03-13.03.06:122][  0]LogAudioMixer: Display: 	Sample Rate:						  48000
[2021.10.03-13.03.06:122][  0]LogAudioMixer: Display: 	Callback Buffer Frame Size Requested: 1024
[2021.10.03-13.03.06:122][  0]LogAudioMixer: Display: 	Callback Buffer Frame Size To Use:	  1024
[2021.10.03-13.03.06:122][  0]LogAudioMixer: Display: 	Number of buffers to queue:			  2
[2021.10.03-13.03.06:122][  0]LogAudioMixer: Display: 	Max Channels (voices):				  32
[2021.10.03-13.03.06:122][  0]LogAudioMixer: Display: 	Number of Async Source Workers:		  0
[2021.10.03-13.03.06:122][  0]LogAudio: Display: AudioDevice MaxSources: 32
[2021.10.03-13.03.06:122][  0]LogAudio: Display: Audio Spatialization Plugin: None (built-in).
[2021.10.03-13.03.06:122][  0]LogAudio: Display: Audio Reverb Plugin: None (built-in).
[2021.10.03-13.03.06:122][  0]LogAudio: Display: Audio Occlusion Plugin: None (built-in).
[2021.10.03-13.03.06:122][  0]LogAudioMixer: Display: Initializing audio mixer.
[2021.10.03-13.03.06:162][  0]LogAudioMixer: Display: 0: FrontLeft
[2021.10.03-13.03.06:162][  0]LogAudioMixer: Display: 1: FrontRight
[2021.10.03-13.03.06:175][  0]LogAudioMixer: Display: Using Audio Device Speakers (RME Fireface UC)
[2021.10.03-13.03.06:175][  0]LogAudioMixer: Display: Initializing Sound Submixes...
[2021.10.03-13.03.06:176][  0]LogAudioMixer: Display: Creating Master Submix 'MasterSubmixDefault'
[2021.10.03-13.03.06:177][  0]LogAudioMixer: Display: Creating Master Submix 'MasterReverbSubmixDefault'
[2021.10.03-13.03.06:177][  0]LogAudioMixer: Display: Creating Master Submix 'MasterEQSubmixDefault'
[2021.10.03-13.03.06:177][  0]LogAudioMixer: FMixerPlatformXAudio2::StartAudioStream() called
[2021.10.03-13.03.06:177][  0]LogAudioMixer: Display: Output buffers initialized: Frames=1024, Channels=2, Samples=2048
[2021.10.03-13.03.06:178][  0]LogAudioMixer: Display: Starting AudioMixerPlatformInterface::RunInternal()
[2021.10.03-13.03.06:178][  0]LogAudioMixer: Display: FMixerPlatformXAudio2::SubmitBuffer() called for the first time
[2021.10.03-13.03.06:178][  0]LogInit: FAudioDevice initialized.
[2021.10.03-13.03.06:178][  0]LogAudio: Display: Audio Device (ID: 1) registered with world 'Untitled'.
[2021.10.03-13.03.06:178][  0]LogNetVersion: Set ProjectVersion to 1.0.0.0. Version Checksum will be recalculated on next use.
[2021.10.03-13.03.06:217][  0]LogDerivedDataCache: Saved boot cache 0.04s 95MB C:/Users/DarKeN/AppData/Local/UnrealEngine/4.27/DerivedDataCache/Boot.ddc.
[2021.10.03-13.03.06:217][  0]LogInit: Texture streaming: Enabled
[2021.10.03-13.03.06:226][  0]LogAnalytics: Display: [UEEditor.Rocket.Release] APIServer = https://datarouter.ol.epicgames.com/. AppVersion = 4.27.0-17155196+++UE4+Release-4.27
[2021.10.03-13.03.06:229][  0]LogEngineSessionManager: EngineSessionManager initialized
[2021.10.03-13.03.06:229][  0]LogEditorSessionSummary: Verbose: Initializing EditorSessionSummaryWriter for editor session tracking
[2021.10.03-13.03.06:231][  0]LogEditorSessionSummary: EditorSessionSummaryWriter initialized
[2021.10.03-13.03.06:263][  0]LogInit: Transaction tracking system initialized
[2021.10.03-13.03.06:276][  0]BlueprintLog: New page: Editor Load
[2021.10.03-13.03.06:314][  0]LocalizationService: Localization service is disabled
[2021.10.03-13.03.06:329][  0]TimingProfiler: Initialize
[2021.10.03-13.03.06:329][  0]TimingProfiler: OnSessionChanged
[2021.10.03-13.03.06:329][  0]LoadingProfiler: Initialize
[2021.10.03-13.03.06:329][  0]LoadingProfiler: OnSessionChanged
[2021.10.03-13.03.06:329][  0]NetworkingProfiler: Initialize
[2021.10.03-13.03.06:329][  0]NetworkingProfiler: OnSessionChanged
[2021.10.03-13.03.06:329][  0]MemoryProfiler: Initialize
[2021.10.03-13.03.06:329][  0]MemoryProfiler: OnSessionChanged
[2021.10.03-13.03.06:433][  0]LogCook: Display: CookSettings for Memory: MemoryMaxUsedVirtual 0MiB, MemoryMaxUsedPhysical 16384MiB, MemoryMinFreeVirtual 0MiB, MemoryMinFreePhysical 1024MiB
[2021.10.03-13.03.06:433][  0]LogCook: Display: Mobile HDR setting 1
[2021.10.03-13.03.06:519][  0]LogFileCache: Scanning file cache for directory 'D:/Projects/GamJams/2021LudumDare49/LudumDare49/LudumDare49_ScrapYard/LD_49_ScrapYard/Content/' took 0.00s
[2021.10.03-13.03.06:673][  0]LogStreaming: Warning: Failed to read file '../../../Engine/Content/Editor/Slate/Niagara/MenuSeparator.png' error.
[2021.10.03-13.03.06:673][  0]LogSlate: Could not find file for Slate resource: ../../../Engine/Content/Editor/Slate/Niagara/MenuSeparator.png
[2021.10.03-13.03.06:673][  0]LogStreaming: Warning: Failed to read file '../../../Engine/Content/Editor/Slate/Niagara/Common/Selector.png' error.
[2021.10.03-13.03.06:673][  0]LogSlate: Could not find file for Slate resource: ../../../Engine/Content/Editor/Slate/Niagara/Common/Selector.png
[2021.10.03-13.03.06:673][  0]LogStreaming: Warning: Failed to read file '../../../Engine/Content/Editor/Slate/Niagara/Common/Selection.png' error.
[2021.10.03-13.03.06:673][  0]LogSlate: Could not find file for Slate resource: ../../../Engine/Content/Editor/Slate/Niagara/Common/Selection.png
[2021.10.03-13.03.06:673][  0]LogStreaming: Warning: Failed to read file '../../../Engine/Content/Editor/Slate/Niagara/Common/DropZoneIndicator_Above.png' error.
[2021.10.03-13.03.06:674][  0]LogSlate: Could not find file for Slate resource: ../../../Engine/Content/Editor/Slate/Niagara/Common/DropZoneIndicator_Above.png
[2021.10.03-13.03.06:674][  0]LogStreaming: Warning: Failed to read file '../../../Engine/Content/Editor/Slate/Niagara/Common/DropZoneIndicator_Onto.png' error.
[2021.10.03-13.03.06:674][  0]LogSlate: Could not find file for Slate resource: ../../../Engine/Content/Editor/Slate/Niagara/Common/DropZoneIndicator_Onto.png
[2021.10.03-13.03.06:674][  0]LogStreaming: Warning: Failed to read file '../../../Engine/Content/Editor/Slate/Niagara/Common/DropZoneIndicator_Below.png' error.
[2021.10.03-13.03.06:674][  0]LogSlate: Could not find file for Slate resource: ../../../Engine/Content/Editor/Slate/Niagara/Common/DropZoneIndicator_Below.png
[2021.10.03-13.03.06:674][  0]LogStreaming: Warning: Failed to read file '../../../Engine/Content/Editor/Slate/Niagara/Common/RoundedSelection_16x.png' error.
[2021.10.03-13.03.06:674][  0]LogStreaming: Warning: Failed to read file '../../../Engine/Content/Editor/Slate/Niagara/Common/FlatButton.png' error.
[2021.10.03-13.03.06:674][  0]LogSlate: Could not find file for Slate resource: ../../../Engine/Content/Editor/Slate/Niagara/Common/RoundedSelection_16x.png
[2021.10.03-13.03.06:674][  0]LogSlate: Could not find file for Slate resource: ../../../Engine/Content/Editor/Slate/Niagara/Common/FlatButton.png
[2021.10.03-13.03.06:674][  0]LogImageWrapper: Warning: PNG Warning: Duplicate iCCP chunk
[2021.10.03-13.03.06:674][  0]LogImageWrapper: Warning: PNG Warning: Duplicate iCCP chunk
[2021.10.03-13.03.06:674][  0]LogInit: Display: Engine is initialized. Leaving FEngineLoop::Init()
[2021.10.03-13.03.06:677][  0]SourceControl: Source control is disabled
[2021.10.03-13.03.06:677][  0]LogUnrealEdMisc: Loading editor; pre map load, took 4.820
[2021.10.03-13.03.06:677][  0]Cmd: MAP LOAD FILE="../../../../../Projects/GamJams/2021LudumDare49/LudumDare49/LudumDare49_ScrapYard/LD_49_ScrapYard/Content/Levels/Main_CubePlacer.umap" TEMPLATE=0 SHOWPROGRESS=1 FEATURELEVEL=3
[2021.10.03-13.03.06:677][  0]LightingResults: New page: Lighting Build
[2021.10.03-13.03.06:678][  0]LogWorld: UWorld::CleanupWorld for Untitled, bSessionEnded=true, bCleanupResources=true
[2021.10.03-13.03.06:678][  0]LogSlate: InvalidateAllWidgets triggered.  All widgets were invalidated
[2021.10.03-13.03.06:678][  0]MapCheck: New page: Map Check
[2021.10.03-13.03.06:678][  0]LightingResults: New page: Lighting Build
[2021.10.03-13.03.06:682][  0]LogAudio: Display: Audio Device unregistered from world 'None'.
[2021.10.03-13.03.06:684][  0]LogUObjectHash: Compacting FUObjectHashTables data took   0.55ms
[2021.10.03-13.03.06:781][  0]LogAudio: Display: Audio Device (ID: 1) registered with world 'Main_CubePlacer'.
[2021.10.03-13.03.06:782][  0]LogAIModule: Creating AISystem for world Main_CubePlacer
[2021.10.03-13.03.06:784][  0]LogEditorServer: Finished looking for orphan Actors (0.000 secs)
[2021.10.03-13.03.06:789][  0]LogUObjectHash: Compacting FUObjectHashTables data took   0.59ms
[2021.10.03-13.03.06:790][  0]Cmd: MAP CHECKDEP NOCLEARLOG
[2021.10.03-13.03.06:790][  0]MapCheck: Map check complete: 0 Error(s), 0 Warning(s), took 0.084ms to complete.
[2021.10.03-13.03.06:790][  0]LogFileHelpers: Loading map 'Main_CubePlacer' took 0.113
[2021.10.03-13.03.06:791][  0]LogUnrealEdMisc: Total Editor Startup Time, took 4.934
[2021.10.03-13.03.06:912][  0]LogSlate: Updating window title bar state: overlay mode, drag disabled, window buttons hidden, title bar hidden
[2021.10.03-13.03.06:916][  0]LogSlate: Updating window title bar state: overlay mode, drag disabled, window buttons hidden, title bar hidden
[2021.10.03-13.03.06:920][  0]LogSlate: Updating window title bar state: overlay mode, drag disabled, window buttons hidden, title bar hidden
[2021.10.03-13.03.06:924][  0]LogSlate: Updating window title bar state: overlay mode, drag disabled, window buttons hidden, title bar hidden
[2021.10.03-13.03.06:935][  0]LogNativeClassHierarchy: Verbose: Native class hierarchy populated in 0.0071 seconds. Added 3865 classes and 938 folders.
[2021.10.03-13.03.06:936][  0]LogNativeClassHierarchy: Verbose: Native class hierarchy updated for 'WidgetCarousel' in 0.0002 seconds. Added 0 classes and 0 folders.
[2021.10.03-13.03.06:937][  0]LogPakFile: PakFile PrimaryIndexSize=187
[2021.10.03-13.03.06:937][  0]LogPakFile: PakFile PathHashIndexSize=101
[2021.10.03-13.03.06:937][  0]LogPakFile: PakFile FullDirectoryIndexSize=148
[2021.10.03-13.03.06:937][  0]LogShaderLibrary: Display: ShaderCodeLibraryPakFileMountedCallback: PakFile 'D:/Epic Games/UE_4.27/FeaturePacks/FP_FirstPerson.upack' (chunk index -1, root 'root:/') mounted
[2021.10.03-13.03.06:937][  0]LogShaderLibrary: Display: ShaderCodeLibraryPakFileMountedCallback: pending pak file info (ChunkID:-1 Root:root:/ File:D:/Epic Games/UE_4.27/FeaturePacks/FP_FirstPerson.upack)
[2021.10.03-13.03.06:937][  0]LogPakFile: OnPakFileMounted2Time == 0.000045
[2021.10.03-13.03.06:938][  0]LogPakFile: PakFile PrimaryIndexSize=189
[2021.10.03-13.03.06:938][  0]LogPakFile: PakFile PathHashIndexSize=101
[2021.10.03-13.03.06:938][  0]LogPakFile: PakFile FullDirectoryIndexSize=152
[2021.10.03-13.03.06:938][  0]LogShaderLibrary: Display: ShaderCodeLibraryPakFileMountedCallback: PakFile 'D:/Epic Games/UE_4.27/FeaturePacks/FP_FirstPersonBP.upack' (chunk index -1, root 'root:/') mounted
[2021.10.03-13.03.06:938][  0]LogShaderLibrary: Display: ShaderCodeLibraryPakFileMountedCallback: pending pak file info (ChunkID:-1 Root:root:/ File:D:/Epic Games/UE_4.27/FeaturePacks/FP_FirstPersonBP.upack)
[2021.10.03-13.03.06:938][  0]LogPakFile: OnPakFileMounted2Time == 0.000026
[2021.10.03-13.03.06:938][  0]LogPakFile: PakFile PrimaryIndexSize=191
[2021.10.03-13.03.06:938][  0]LogPakFile: PakFile PathHashIndexSize=101
[2021.10.03-13.03.06:938][  0]LogPakFile: PakFile FullDirectoryIndexSize=160
[2021.10.03-13.03.06:938][  0]LogShaderLibrary: Display: ShaderCodeLibraryPakFileMountedCallback: PakFile 'D:/Epic Games/UE_4.27/FeaturePacks/MobileStarterContent.upack' (chunk index -1, root 'root:/') mounted
[2021.10.03-13.03.06:938][  0]LogShaderLibrary: Display: ShaderCodeLibraryPakFileMountedCallback: pending pak file info (ChunkID:-1 Root:root:/ File:D:/Epic Games/UE_4.27/FeaturePacks/MobileStarterContent.upack)
[2021.10.03-13.03.06:938][  0]LogPakFile: OnPakFileMounted2Time == 0.000023
[2021.10.03-13.03.06:939][  0]LogPakFile: PakFile PrimaryIndexSize=185
[2021.10.03-13.03.06:939][  0]LogPakFile: PakFile PathHashIndexSize=101
[2021.10.03-13.03.06:939][  0]LogPakFile: PakFile FullDirectoryIndexSize=148
[2021.10.03-13.03.06:939][  0]LogShaderLibrary: Display: ShaderCodeLibraryPakFileMountedCallback: PakFile 'D:/Epic Games/UE_4.27/FeaturePacks/StarterContent.upack' (chunk index -1, root 'root:/') mounted
[2021.10.03-13.03.06:939][  0]LogShaderLibrary: Display: ShaderCodeLibraryPakFileMountedCallback: pending pak file info (ChunkID:-1 Root:root:/ File:D:/Epic Games/UE_4.27/FeaturePacks/StarterContent.upack)
[2021.10.03-13.03.06:939][  0]LogPakFile: OnPakFileMounted2Time == 0.000024
[2021.10.03-13.03.06:939][  0]LogPakFile: PakFile PrimaryIndexSize=190
[2021.10.03-13.03.06:939][  0]LogPakFile: PakFile PathHashIndexSize=101
[2021.10.03-13.03.06:939][  0]LogPakFile: PakFile FullDirectoryIndexSize=154
[2021.10.03-13.03.06:939][  0]LogShaderLibrary: Display: ShaderCodeLibraryPakFileMountedCallback: PakFile 'D:/Epic Games/UE_4.27/FeaturePacks/TP_2DSideScroller.upack' (chunk index -1, root 'root:/') mounted
[2021.10.03-13.03.06:939][  0]LogShaderLibrary: Display: ShaderCodeLibraryPakFileMountedCallback: pending pak file info (ChunkID:-1 Root:root:/ File:D:/Epic Games/UE_4.27/FeaturePacks/TP_2DSideScroller.upack)
[2021.10.03-13.03.06:939][  0]LogPakFile: OnPakFileMounted2Time == 0.000025
[2021.10.03-13.03.06:939][  0]LogPakFile: PakFile PrimaryIndexSize=192
[2021.10.03-13.03.06:939][  0]LogPakFile: PakFile PathHashIndexSize=101
[2021.10.03-13.03.06:939][  0]LogPakFile: PakFile FullDirectoryIndexSize=158
[2021.10.03-13.03.06:939][  0]LogShaderLibrary: Display: ShaderCodeLibraryPakFileMountedCallback: PakFile 'D:/Epic Games/UE_4.27/FeaturePacks/TP_2DSideScrollerBP.upack' (chunk index -1, root 'root:/') mounted
[2021.10.03-13.03.06:939][  0]LogShaderLibrary: Display: ShaderCodeLibraryPakFileMountedCallback: pending pak file info (ChunkID:-1 Root:root:/ File:D:/Epic Games/UE_4.27/FeaturePacks/TP_2DSideScrollerBP.upack)
[2021.10.03-13.03.06:939][  0]LogPakFile: OnPakFileMounted2Time == 0.000022
[2021.10.03-13.03.06:940][  0]LogPakFile: PakFile PrimaryIndexSize=182
[2021.10.03-13.03.06:940][  0]LogPakFile: PakFile PathHashIndexSize=101
[2021.10.03-13.03.06:940][  0]LogPakFile: PakFile FullDirectoryIndexSize=138
[2021.10.03-13.03.06:940][  0]LogShaderLibrary: Display: ShaderCodeLibraryPakFileMountedCallback: PakFile 'D:/Epic Games/UE_4.27/FeaturePacks/TP_Flying.upack' (chunk index -1, root 'root:/') mounted
[2021.10.03-13.03.06:940][  0]LogShaderLibrary: Display: ShaderCodeLibraryPakFileMountedCallback: pending pak file info (ChunkID:-1 Root:root:/ File:D:/Epic Games/UE_4.27/FeaturePacks/TP_Flying.upack)
[2021.10.03-13.03.06:940][  0]LogPakFile: OnPakFileMounted2Time == 0.000022
[2021.10.03-13.03.06:940][  0]LogPakFile: PakFile PrimaryIndexSize=184
[2021.10.03-13.03.06:940][  0]LogPakFile: PakFile PathHashIndexSize=101
[2021.10.03-13.03.06:940][  0]LogPakFile: PakFile FullDirectoryIndexSize=142
[2021.10.03-13.03.06:940][  0]LogShaderLibrary: Display: ShaderCodeLibraryPakFileMountedCallback: PakFile 'D:/Epic Games/UE_4.27/FeaturePacks/TP_FlyingBP.upack' (chunk index -1, root 'root:/') mounted
[2021.10.03-13.03.06:940][  0]LogShaderLibrary: Display: ShaderCodeLibraryPakFileMountedCallback: pending pak file info (ChunkID:-1 Root:root:/ File:D:/Epic Games/UE_4.27/FeaturePacks/TP_FlyingBP.upack)
[2021.10.03-13.03.06:940][  0]LogPakFile: OnPakFileMounted2Time == 0.000022
[2021.10.03-13.03.06:941][  0]LogPakFile: PakFile PrimaryIndexSize=188
[2021.10.03-13.03.06:941][  0]LogPakFile: PakFile PathHashIndexSize=101
[2021.10.03-13.03.06:941][  0]LogPakFile: PakFile FullDirectoryIndexSize=150
[2021.10.03-13.03.06:941][  0]LogShaderLibrary: Display: ShaderCodeLibraryPakFileMountedCallback: PakFile 'D:/Epic Games/UE_4.27/FeaturePacks/TP_HandheldARBP.upack' (chunk index -1, root 'root:/') mounted
[2021.10.03-13.03.06:941][  0]LogShaderLibrary: Display: ShaderCodeLibraryPakFileMountedCallback: pending pak file info (ChunkID:-1 Root:root:/ File:D:/Epic Games/UE_4.27/FeaturePacks/TP_HandheldARBP.upack)
[2021.10.03-13.03.06:941][  0]LogPakFile: OnPakFileMounted2Time == 0.000028
[2021.10.03-13.03.06:941][  0]LogPakFile: PakFile PrimaryIndexSize=182
[2021.10.03-13.03.06:941][  0]LogPakFile: PakFile PathHashIndexSize=101
[2021.10.03-13.03.06:941][  0]LogPakFile: PakFile FullDirectoryIndexSize=138
[2021.10.03-13.03.06:941][  0]LogShaderLibrary: Display: ShaderCodeLibraryPakFileMountedCallback: PakFile 'D:/Epic Games/UE_4.27/FeaturePacks/TP_Puzzle.upack' (chunk index -1, root 'root:/') mounted
[2021.10.03-13.03.06:941][  0]LogShaderLibrary: Display: ShaderCodeLibraryPakFileMountedCallback: pending pak file info (ChunkID:-1 Root:root:/ File:D:/Epic Games/UE_4.27/FeaturePacks/TP_Puzzle.upack)
[2021.10.03-13.03.06:941][  0]LogPakFile: OnPakFileMounted2Time == 0.000022
[2021.10.03-13.03.06:941][  0]LogPakFile: PakFile PrimaryIndexSize=184
[2021.10.03-13.03.06:941][  0]LogPakFile: PakFile PathHashIndexSize=101
[2021.10.03-13.03.06:941][  0]LogPakFile: PakFile FullDirectoryIndexSize=142
[2021.10.03-13.03.06:941][  0]LogShaderLibrary: Display: ShaderCodeLibraryPakFileMountedCallback: PakFile 'D:/Epic Games/UE_4.27/FeaturePacks/TP_PuzzleBP.upack' (chunk index -1, root 'root:/') mounted
[2021.10.03-13.03.06:941][  0]LogShaderLibrary: Display: ShaderCodeLibraryPakFileMountedCallback: pending pak file info (ChunkID:-1 Root:root:/ File:D:/Epic Games/UE_4.27/FeaturePacks/TP_PuzzleBP.upack)
[2021.10.03-13.03.06:941][  0]LogPakFile: OnPakFileMounted2Time == 0.000021
[2021.10.03-13.03.06:942][  0]LogPakFile: PakFile PrimaryIndexSize=183
[2021.10.03-13.03.06:942][  0]LogPakFile: PakFile PathHashIndexSize=101
[2021.10.03-13.03.06:942][  0]LogPakFile: PakFile FullDirectoryIndexSize=140
[2021.10.03-13.03.06:942][  0]LogShaderLibrary: Display: ShaderCodeLibraryPakFileMountedCallback: PakFile 'D:/Epic Games/UE_4.27/FeaturePacks/TP_Rolling.upack' (chunk index -1, root 'root:/') mounted
[2021.10.03-13.03.06:942][  0]LogShaderLibrary: Display: ShaderCodeLibraryPakFileMountedCallback: pending pak file info (ChunkID:-1 Root:root:/ File:D:/Epic Games/UE_4.27/FeaturePacks/TP_Rolling.upack)
[2021.10.03-13.03.06:942][  0]LogPakFile: OnPakFileMounted2Time == 0.000021
[2021.10.03-13.03.06:942][  0]LogPakFile: PakFile PrimaryIndexSize=185
[2021.10.03-13.03.06:942][  0]LogPakFile: PakFile PathHashIndexSize=101
[2021.10.03-13.03.06:942][  0]LogPakFile: PakFile FullDirectoryIndexSize=144
[2021.10.03-13.03.06:942][  0]LogShaderLibrary: Display: ShaderCodeLibraryPakFileMountedCallback: PakFile 'D:/Epic Games/UE_4.27/FeaturePacks/TP_RollingBP.upack' (chunk index -1, root 'root:/') mounted
[2021.10.03-13.03.06:942][  0]LogShaderLibrary: Display: ShaderCodeLibraryPakFileMountedCallback: pending pak file info (ChunkID:-1 Root:root:/ File:D:/Epic Games/UE_4.27/FeaturePacks/TP_RollingBP.upack)
[2021.10.03-13.03.06:942][  0]LogPakFile: OnPakFileMounted2Time == 0.000020
[2021.10.03-13.03.06:942][  0]LogPakFile: PakFile PrimaryIndexSize=188
[2021.10.03-13.03.06:942][  0]LogPakFile: PakFile PathHashIndexSize=101
[2021.10.03-13.03.06:942][  0]LogPakFile: PakFile FullDirectoryIndexSize=150
[2021.10.03-13.03.06:942][  0]LogShaderLibrary: Display: ShaderCodeLibraryPakFileMountedCallback: PakFile 'D:/Epic Games/UE_4.27/FeaturePacks/TP_SideScroller.upack' (chunk index -1, root 'root:/') mounted
[2021.10.03-13.03.06:942][  0]LogShaderLibrary: Display: ShaderCodeLibraryPakFileMountedCallback: pending pak file info (ChunkID:-1 Root:root:/ File:D:/Epic Games/UE_4.27/FeaturePacks/TP_SideScroller.upack)
[2021.10.03-13.03.06:942][  0]LogPakFile: OnPakFileMounted2Time == 0.000021
[2021.10.03-13.03.06:943][  0]LogPakFile: PakFile PrimaryIndexSize=190
[2021.10.03-13.03.06:943][  0]LogPakFile: PakFile PathHashIndexSize=101
[2021.10.03-13.03.06:943][  0]LogPakFile: PakFile FullDirectoryIndexSize=154
[2021.10.03-13.03.06:943][  0]LogShaderLibrary: Display: ShaderCodeLibraryPakFileMountedCallback: PakFile 'D:/Epic Games/UE_4.27/FeaturePacks/TP_SideScrollerBP.upack' (chunk index -1, root 'root:/') mounted
[2021.10.03-13.03.06:943][  0]LogShaderLibrary: Display: ShaderCodeLibraryPakFileMountedCallback: pending pak file info (ChunkID:-1 Root:root:/ File:D:/Epic Games/UE_4.27/FeaturePacks/TP_SideScrollerBP.upack)
[2021.10.03-13.03.06:943][  0]LogPakFile: OnPakFileMounted2Time == 0.000027
[2021.10.03-13.03.06:943][  0]LogPakFile: PakFile PrimaryIndexSize=187
[2021.10.03-13.03.06:943][  0]LogPakFile: PakFile PathHashIndexSize=101
[2021.10.03-13.03.06:943][  0]LogPakFile: PakFile FullDirectoryIndexSize=148
[2021.10.03-13.03.06:943][  0]LogShaderLibrary: Display: ShaderCodeLibraryPakFileMountedCallback: PakFile 'D:/Epic Games/UE_4.27/FeaturePacks/TP_ThirdPerson.upack' (chunk index -1, root 'root:/') mounted
[2021.10.03-13.03.06:943][  0]LogShaderLibrary: Display: ShaderCodeLibraryPakFileMountedCallback: pending pak file info (ChunkID:-1 Root:root:/ File:D:/Epic Games/UE_4.27/FeaturePacks/TP_ThirdPerson.upack)
[2021.10.03-13.03.06:943][  0]LogPakFile: OnPakFileMounted2Time == 0.000021
[2021.10.03-13.03.06:943][  0]LogPakFile: PakFile PrimaryIndexSize=189
[2021.10.03-13.03.06:943][  0]LogPakFile: PakFile PathHashIndexSize=101
[2021.10.03-13.03.06:944][  0]LogPakFile: PakFile FullDirectoryIndexSize=152
[2021.10.03-13.03.06:944][  0]LogShaderLibrary: Display: ShaderCodeLibraryPakFileMountedCallback: PakFile 'D:/Epic Games/UE_4.27/FeaturePacks/TP_ThirdPersonBP.upack' (chunk index -1, root 'root:/') mounted
[2021.10.03-13.03.06:944][  0]LogShaderLibrary: Display: ShaderCodeLibraryPakFileMountedCallback: pending pak file info (ChunkID:-1 Root:root:/ File:D:/Epic Games/UE_4.27/FeaturePacks/TP_ThirdPersonBP.upack)
[2021.10.03-13.03.06:944][  0]LogPakFile: OnPakFileMounted2Time == 0.000024
[2021.10.03-13.03.06:944][  0]LogPakFile: PakFile PrimaryIndexSize=183
[2021.10.03-13.03.06:944][  0]LogPakFile: PakFile PathHashIndexSize=101
[2021.10.03-13.03.06:944][  0]LogPakFile: PakFile FullDirectoryIndexSize=140
[2021.10.03-13.03.06:944][  0]LogShaderLibrary: Display: ShaderCodeLibraryPakFileMountedCallback: PakFile 'D:/Epic Games/UE_4.27/FeaturePacks/TP_TopDown.upack' (chunk index -1, root 'root:/') mounted
[2021.10.03-13.03.06:944][  0]LogShaderLibrary: Display: ShaderCodeLibraryPakFileMountedCallback: pending pak file info (ChunkID:-1 Root:root:/ File:D:/Epic Games/UE_4.27/FeaturePacks/TP_TopDown.upack)
[2021.10.03-13.03.06:944][  0]LogPakFile: OnPakFileMounted2Time == 0.000025
[2021.10.03-13.03.06:944][  0]LogPakFile: PakFile PrimaryIndexSize=185
[2021.10.03-13.03.06:944][  0]LogPakFile: PakFile PathHashIndexSize=101
[2021.10.03-13.03.06:944][  0]LogPakFile: PakFile FullDirectoryIndexSize=144
[2021.10.03-13.03.06:944][  0]LogShaderLibrary: Display: ShaderCodeLibraryPakFileMountedCallback: PakFile 'D:/Epic Games/UE_4.27/FeaturePacks/TP_TopDownBP.upack' (chunk index -1, root 'root:/') mounted
[2021.10.03-13.03.06:944][  0]LogShaderLibrary: Display: ShaderCodeLibraryPakFileMountedCallback: pending pak file info (ChunkID:-1 Root:root:/ File:D:/Epic Games/UE_4.27/FeaturePacks/TP_TopDownBP.upack)
[2021.10.03-13.03.06:944][  0]LogPakFile: OnPakFileMounted2Time == 0.000021
[2021.10.03-13.03.06:944][  0]LogPakFile: PakFile PrimaryIndexSize=185
[2021.10.03-13.03.06:944][  0]LogPakFile: PakFile PathHashIndexSize=101
[2021.10.03-13.03.06:944][  0]LogPakFile: PakFile FullDirectoryIndexSize=144
[2021.10.03-13.03.06:944][  0]LogShaderLibrary: Display: ShaderCodeLibraryPakFileMountedCallback: PakFile 'D:/Epic Games/UE_4.27/FeaturePacks/TP_TwinStick.upack' (chunk index -1, root 'root:/') mounted
[2021.10.03-13.03.06:944][  0]LogShaderLibrary: Display: ShaderCodeLibraryPakFileMountedCallback: pending pak file info (ChunkID:-1 Root:root:/ File:D:/Epic Games/UE_4.27/FeaturePacks/TP_TwinStick.upack)
[2021.10.03-13.03.06:945][  0]LogPakFile: OnPakFileMounted2Time == 0.000022
[2021.10.03-13.03.06:945][  0]LogPakFile: PakFile PrimaryIndexSize=187
[2021.10.03-13.03.06:945][  0]LogPakFile: PakFile PathHashIndexSize=101
[2021.10.03-13.03.06:945][  0]LogPakFile: PakFile FullDirectoryIndexSize=148
[2021.10.03-13.03.06:945][  0]LogShaderLibrary: Display: ShaderCodeLibraryPakFileMountedCallback: PakFile 'D:/Epic Games/UE_4.27/FeaturePacks/TP_TwinStickBP.upack' (chunk index -1, root 'root:/') mounted
[2021.10.03-13.03.06:945][  0]LogShaderLibrary: Display: ShaderCodeLibraryPakFileMountedCallback: pending pak file info (ChunkID:-1 Root:root:/ File:D:/Epic Games/UE_4.27/FeaturePacks/TP_TwinStickBP.upack)
[2021.10.03-13.03.06:945][  0]LogPakFile: OnPakFileMounted2Time == 0.000022
[2021.10.03-13.03.06:945][  0]LogPakFile: PakFile PrimaryIndexSize=183
[2021.10.03-13.03.06:945][  0]LogPakFile: PakFile PathHashIndexSize=101
[2021.10.03-13.03.06:945][  0]LogPakFile: PakFile FullDirectoryIndexSize=140
[2021.10.03-13.03.06:945][  0]LogShaderLibrary: Display: ShaderCodeLibraryPakFileMountedCallback: PakFile 'D:/Epic Games/UE_4.27/FeaturePacks/TP_Vehicle.upack' (chunk index -1, root 'root:/') mounted
[2021.10.03-13.03.06:945][  0]LogShaderLibrary: Display: ShaderCodeLibraryPakFileMountedCallback: pending pak file info (ChunkID:-1 Root:root:/ File:D:/Epic Games/UE_4.27/FeaturePacks/TP_Vehicle.upack)
[2021.10.03-13.03.06:945][  0]LogPakFile: OnPakFileMounted2Time == 0.000029
[2021.10.03-13.03.06:946][  0]LogPakFile: PakFile PrimaryIndexSize=186
[2021.10.03-13.03.06:946][  0]LogPakFile: PakFile PathHashIndexSize=101
[2021.10.03-13.03.06:946][  0]LogPakFile: PakFile FullDirectoryIndexSize=146
[2021.10.03-13.03.06:946][  0]LogShaderLibrary: Display: ShaderCodeLibraryPakFileMountedCallback: PakFile 'D:/Epic Games/UE_4.27/FeaturePacks/TP_VehicleAdv.upack' (chunk index -1, root 'root:/') mounted
[2021.10.03-13.03.06:946][  0]LogShaderLibrary: Display: ShaderCodeLibraryPakFileMountedCallback: pending pak file info (ChunkID:-1 Root:root:/ File:D:/Epic Games/UE_4.27/FeaturePacks/TP_VehicleAdv.upack)
[2021.10.03-13.03.06:946][  0]LogPakFile: OnPakFileMounted2Time == 0.000022
[2021.10.03-13.03.06:946][  0]LogPakFile: PakFile PrimaryIndexSize=188
[2021.10.03-13.03.06:946][  0]LogPakFile: PakFile PathHashIndexSize=101
[2021.10.03-13.03.06:946][  0]LogPakFile: PakFile FullDirectoryIndexSize=150
[2021.10.03-13.03.06:946][  0]LogShaderLibrary: Display: ShaderCodeLibraryPakFileMountedCallback: PakFile 'D:/Epic Games/UE_4.27/FeaturePacks/TP_VehicleAdvBP.upack' (chunk index -1, root 'root:/') mounted
[2021.10.03-13.03.06:946][  0]LogShaderLibrary: Display: ShaderCodeLibraryPakFileMountedCallback: pending pak file info (ChunkID:-1 Root:root:/ File:D:/Epic Games/UE_4.27/FeaturePacks/TP_VehicleAdvBP.upack)
[2021.10.03-13.03.06:946][  0]LogPakFile: OnPakFileMounted2Time == 0.000021
[2021.10.03-13.03.06:946][  0]LogPakFile: PakFile PrimaryIndexSize=185
[2021.10.03-13.03.06:946][  0]LogPakFile: PakFile PathHashIndexSize=101
[2021.10.03-13.03.06:946][  0]LogPakFile: PakFile FullDirectoryIndexSize=144
[2021.10.03-13.03.06:946][  0]LogShaderLibrary: Display: ShaderCodeLibraryPakFileMountedCallback: PakFile 'D:/Epic Games/UE_4.27/FeaturePacks/TP_VehicleBP.upack' (chunk index -1, root 'root:/') mounted
[2021.10.03-13.03.06:946][  0]LogShaderLibrary: Display: ShaderCodeLibraryPakFileMountedCallback: pending pak file info (ChunkID:-1 Root:root:/ File:D:/Epic Games/UE_4.27/FeaturePacks/TP_VehicleBP.upack)
[2021.10.03-13.03.06:946][  0]LogPakFile: OnPakFileMounted2Time == 0.000021
[2021.10.03-13.03.06:947][  0]LogPakFile: PakFile PrimaryIndexSize=192
[2021.10.03-13.03.06:947][  0]LogPakFile: PakFile PathHashIndexSize=101
[2021.10.03-13.03.06:947][  0]LogPakFile: PakFile FullDirectoryIndexSize=158
[2021.10.03-13.03.06:947][  0]LogShaderLibrary: Display: ShaderCodeLibraryPakFileMountedCallback: PakFile 'D:/Epic Games/UE_4.27/FeaturePacks/TP_VirtualRealityBP.upack' (chunk index -1, root 'root:/') mounted
[2021.10.03-13.03.06:947][  0]LogShaderLibrary: Display: ShaderCodeLibraryPakFileMountedCallback: pending pak file info (ChunkID:-1 Root:root:/ File:D:/Epic Games/UE_4.27/FeaturePacks/TP_VirtualRealityBP.upack)
[2021.10.03-13.03.06:947][  0]LogPakFile: OnPakFileMounted2Time == 0.000022
[2021.10.03-13.03.06:974][  0]LogNativeClassHierarchy: Verbose: Native class hierarchy updated for 'AddContentDialog' in 0.0002 seconds. Added 0 classes and 0 folders.
[2021.10.03-13.03.06:974][  0]LogNativeClassHierarchy: Verbose: Native class hierarchy updated for 'SceneOutliner' in 0.0002 seconds. Added 2 classes and 0 folders.
[2021.10.03-13.03.07:104][  0]LogSlate: Took 0.000137 seconds to synchronously load lazily loaded font '../../../Engine/Content/Slate/Fonts/Roboto-Regular.ttf' (155K)
[2021.10.03-13.03.07:105][  0]LogSlate: Took 0.000117 seconds to synchronously load lazily loaded font '../../../Engine/Content/Editor/Slate/Fonts/FontAwesome.ttf' (139K)
[2021.10.03-13.03.07:106][  0]LogSlate: Took 0.000098 seconds to synchronously load lazily loaded font '../../../Engine/Content/Slate/Fonts/Roboto-Bold.ttf' (160K)
[2021.10.03-13.03.07:169][  0]LogRenderer: Reallocating scene render targets to support 1400x808 Format 10 NumSamples 1 (Frame:1).
[2021.10.03-13.03.07:235][  0]LogNativeClassHierarchy: Verbose: Native class hierarchy updated for 'HierarchicalLODOutliner' in 0.0002 seconds. Added 0 classes and 0 folders.
[2021.10.03-13.03.07:235][  0]LogLoad: (Engine Initialization) Total time: 5.38 seconds
[2021.10.03-13.03.07:235][  0]LogLoad: (Engine Initialization) Total Blueprint compile time: 0.00 seconds
[2021.10.03-13.03.07:279][  0]LogAssetRegistry: Asset discovery search completed in 3.1495 seconds
[2021.10.03-13.03.07:283][  0]LogCollectionManager: Fixed up redirectors for 0 collections in 0.000003 seconds (updated 0 objects)
[2021.10.03-13.03.07:289][  0]LogContentStreaming: Texture pool size now 1000 MB
[2021.10.03-13.03.08:259][ 55]LogSlate: Took 0.000338 seconds to synchronously load lazily loaded font '../../../Engine/Content/Slate/Fonts/Roboto-Light.ttf' (167K)
